This file contains any messages produced by compilers while
running configure, to aid debugging if configure makes a mistake.

It was created by Cantera configure 1.7.0, which was
generated by GNU Autoconf 2.59.  Invocation command line was

  $ ./configure 

## --------- ##
## Platform. ##
## --------- ##

hostname = e17c817914a5
uname -m = x86_64
uname -r = 5.4.0-47-generic
uname -s = Linux
uname -v = #51-Ubuntu SMP Fri Sep 4 19:50:52 UTC 2020

/usr/bin/uname -p = unknown
/bin/uname -X     = unknown

/bin/arch              = unknown
/usr/bin/arch -k       = unknown
/usr/convex/getsysinfo = unknown
hostinfo               = unknown
/bin/machine           = unknown
/usr/bin/oslevel       = unknown
/bin/universe          = unknown

PATH: /pkg/
PATH: /usr/local/sbin
PATH: /usr/local/bin
PATH: /usr/sbin
PATH: /usr/bin
PATH: /sbin
PATH: /bin


## ----------- ##
## Core tests. ##
## ----------- ##

configure:1566: checking build system type
configure:1584: result: x86_64-unknown-linux-gnu
configure:1592: checking host system type
configure:1606: result: x86_64-unknown-linux-gnu
configure:1614: checking target system type
configure:1628: result: x86_64-unknown-linux-gnu
configure:3435: checking for matlab
configure:3466: result: none
configure:3491: checking MATLAB ()
configure:3595: checking for a BSD-compatible install
configure:3650: result: /usr/bin/install -c
configure:4907: checking for C++ compiler version
configure:4910: g++ --version </dev/null >&5
g++ (Ubuntu 5.4.0-6ubuntu1~16.04.12) 5.4.0 20160609
Copyright (C) 2015 Free Software Foundation, Inc.
This is free software; see the source for copying conditions.  There is NO
warranty; not even for MERCHANTABILITY or FITNESS FOR A PARTICULAR PURPOSE.

configure:4913: $? = 0
configure:4915: g++ -v </dev/null >&5
Using built-in specs.
COLLECT_GCC=g++
COLLECT_LTO_WRAPPER=/usr/lib/gcc/x86_64-linux-gnu/5/lto-wrapper
Target: x86_64-linux-gnu
Configured with: ../src/configure -v --with-pkgversion='Ubuntu 5.4.0-6ubuntu1~16.04.12' --with-bugurl=file:///usr/share/doc/gcc-5/README.Bugs --enable-languages=c,ada,c++,java,go,d,fortran,objc,obj-c++ --prefix=/usr --program-suffix=-5 --enable-shared --enable-linker-build-id --libexecdir=/usr/lib --without-included-gettext --enable-threads=posix --libdir=/usr/lib --enable-nls --with-sysroot=/ --enable-clocale=gnu --enable-libstdcxx-debug --enable-libstdcxx-time=yes --with-default-libstdcxx-abi=new --enable-gnu-unique-object --disable-vtable-verify --enable-libmpx --enable-plugin --with-system-zlib --disable-browser-plugin --enable-java-awt=gtk --enable-gtk-cairo --with-java-home=/usr/lib/jvm/java-1.5.0-gcj-5-amd64/jre --enable-java-home --with-jvm-root-dir=/usr/lib/jvm/java-1.5.0-gcj-5-amd64 --with-jvm-jar-dir=/usr/lib/jvm-exports/java-1.5.0-gcj-5-amd64 --with-arch-directory=amd64 --with-ecj-jar=/usr/share/java/eclipse-ecj.jar --enable-objc-gc --enable-multiarch --disable-werror --with-arch-32=i686 --with-abi=m64 --with-multilib-list=m32,m64,mx32 --enable-multilib --with-tune=generic --enable-checking=release --build=x86_64-linux-gnu --host=x86_64-linux-gnu --target=x86_64-linux-gnu
Thread model: posix
gcc version 5.4.0 20160609 (Ubuntu 5.4.0-6ubuntu1~16.04.12) 
configure:4918: $? = 0
configure:4920: g++ -V </dev/null >&5
g++: error: unrecognized command line option '-V'
g++: fatal error: no input files
compilation terminated.
configure:4923: $? = 1
configure:4926: checking whether we are using the GNU C++ compiler
configure:4950: g++ -c -O3 -Wall    conftest.cc >&5
configure:4956: $? = 0
configure:4960: test -z 
			 || test ! -s conftest.err
configure:4963: $? = 0
configure:4966: test -s conftest.
configure:4969: $? = 1
configure: failed program was:
| /* confdefs.h.  */
| 
| #define PACKAGE_NAME "Cantera"
| #define PACKAGE_TARNAME "cantera"
| #define PACKAGE_VERSION "1.7.0"
| #define PACKAGE_STRING "Cantera 1.7.0"
| #define PACKAGE_BUGREPORT ""
| #define NDEBUG 1
| #define CANTERA_VERSION "1.8.x"
| #define RXNPATH_FONT "Helvetica"
| #define CANTERA_DATA "/usr/local/cantera/data"
| #define HAS_SUNDIALS 1
| #define SUNDIALS_VERSION_24 1
| #define DEBUG_MODE 1
| #define WITH_METAL 1
| #define WITH_SEMICONDUCTOR 1
| #define WITH_ADSORBATE 1
| #define WITH_STOICH_SUBSTANCE 1
| #define WITH_PURE_FLUIDS 1
| #define WITH_LATTICE_SOLID 1
| #define WITH_IDEAL_SOLUTIONS 1
| #define WITH_ELECTROLYTES 1
| #define WITH_KINETICS 1
| #define WITH_HETEROKINETICS 1
| #define WITH_REACTIONPATHS 1
| #define INCL_PURE_FLUIDS 1
| #define WITH_SPECTRA 1
| #define WITH_HTML_LOGS 1
| #define PYTHON_EXE "/usr/bin/python2.6"
| #define HAS_NUMPY 1
| /* end confdefs.h.  */
| 
| int
| main ()
| {
| #ifndef __GNUC__
|        choke me
| #endif
| 
|   ;
|   return 0;
| }
configure:4982: result: no
configure:4988: checking whether g++ accepts -g
configure:5009: g++ -c -g  conftest.cc >&5
configure:5015: $? = 0
configure:5019: test -z 
			 || test ! -s conftest.err
configure:5022: $? = 0
configure:5025: test -s conftest.
configure:5028: $? = 1
configure: failed program was:
| /* confdefs.h.  */
| 
| #define PACKAGE_NAME "Cantera"
| #define PACKAGE_TARNAME "cantera"
| #define PACKAGE_VERSION "1.7.0"
| #define PACKAGE_STRING "Cantera 1.7.0"
| #define PACKAGE_BUGREPORT ""
| #define NDEBUG 1
| #define CANTERA_VERSION "1.8.x"
| #define RXNPATH_FONT "Helvetica"
| #define CANTERA_DATA "/usr/local/cantera/data"
| #define HAS_SUNDIALS 1
| #define SUNDIALS_VERSION_24 1
| #define DEBUG_MODE 1
| #define WITH_METAL 1
| #define WITH_SEMICONDUCTOR 1
| #define WITH_ADSORBATE 1
| #define WITH_STOICH_SUBSTANCE 1
| #define WITH_PURE_FLUIDS 1
| #define WITH_LATTICE_SOLID 1
| #define WITH_IDEAL_SOLUTIONS 1
| #define WITH_ELECTROLYTES 1
| #define WITH_KINETICS 1
| #define WITH_HETEROKINETICS 1
| #define WITH_REACTIONPATHS 1
| #define INCL_PURE_FLUIDS 1
| #define WITH_SPECTRA 1
| #define WITH_HTML_LOGS 1
| #define PYTHON_EXE "/usr/bin/python2.6"
| #define HAS_NUMPY 1
| /* end confdefs.h.  */
| 
| int
| main ()
| {
| 
|   ;
|   return 0;
| }
configure:5039: result: no
configure:5081: g++ -c -O3 -Wall    conftest.cc >&5
configure:5087: $? = 0
configure:5091: test -z 
			 || test ! -s conftest.err
configure:5094: $? = 0
configure:5097: test -s conftest.
configure:5100: $? = 1
configure: failed program was:
| /* confdefs.h.  */
| 
| #define PACKAGE_NAME "Cantera"
| #define PACKAGE_TARNAME "cantera"
| #define PACKAGE_VERSION "1.7.0"
| #define PACKAGE_STRING "Cantera 1.7.0"
| #define PACKAGE_BUGREPORT ""
| #define NDEBUG 1
| #define CANTERA_VERSION "1.8.x"
| #define RXNPATH_FONT "Helvetica"
| #define CANTERA_DATA "/usr/local/cantera/data"
| #define HAS_SUNDIALS 1
| #define SUNDIALS_VERSION_24 1
| #define DEBUG_MODE 1
| #define WITH_METAL 1
| #define WITH_SEMICONDUCTOR 1
| #define WITH_ADSORBATE 1
| #define WITH_STOICH_SUBSTANCE 1
| #define WITH_PURE_FLUIDS 1
| #define WITH_LATTICE_SOLID 1
| #define WITH_IDEAL_SOLUTIONS 1
| #define WITH_ELECTROLYTES 1
| #define WITH_KINETICS 1
| #define WITH_HETEROKINETICS 1
| #define WITH_REACTIONPATHS 1
| #define INCL_PURE_FLUIDS 1
| #define WITH_SPECTRA 1
| #define WITH_HTML_LOGS 1
| #define PYTHON_EXE "/usr/bin/python2.6"
| #define HAS_NUMPY 1
| /* end confdefs.h.  */
| 
| #include <stdlib.h>
| int
| main ()
| {
| exit (42);
|   ;
|   return 0;
| }
configure:5081: g++ -c -O3 -Wall    conftest.cc >&5
conftest.cc:32:40: error: 'void std::exit(int)' should have been declared inside 'std'
 extern "C" void std::exit (int) throw (); using std::exit;
                                        ^
configure:5087: $? = 1
configure: failed program was:
| /* confdefs.h.  */
| 
| #define PACKAGE_NAME "Cantera"
| #define PACKAGE_TARNAME "cantera"
| #define PACKAGE_VERSION "1.7.0"
| #define PACKAGE_STRING "Cantera 1.7.0"
| #define PACKAGE_BUGREPORT ""
| #define NDEBUG 1
| #define CANTERA_VERSION "1.8.x"
| #define RXNPATH_FONT "Helvetica"
| #define CANTERA_DATA "/usr/local/cantera/data"
| #define HAS_SUNDIALS 1
| #define SUNDIALS_VERSION_24 1
| #define DEBUG_MODE 1
| #define WITH_METAL 1
| #define WITH_SEMICONDUCTOR 1
| #define WITH_ADSORBATE 1
| #define WITH_STOICH_SUBSTANCE 1
| #define WITH_PURE_FLUIDS 1
| #define WITH_LATTICE_SOLID 1
| #define WITH_IDEAL_SOLUTIONS 1
| #define WITH_ELECTROLYTES 1
| #define WITH_KINETICS 1
| #define WITH_HETEROKINETICS 1
| #define WITH_REACTIONPATHS 1
| #define INCL_PURE_FLUIDS 1
| #define WITH_SPECTRA 1
| #define WITH_HTML_LOGS 1
| #define PYTHON_EXE "/usr/bin/python2.6"
| #define HAS_NUMPY 1
| /* end confdefs.h.  */
| extern "C" void std::exit (int) throw (); using std::exit;
| #include <stdlib.h>
| int
| main ()
| {
| exit (42);
|   ;
|   return 0;
| }
configure:5081: g++ -c -O3 -Wall    conftest.cc >&5
conftest.cc:32:31: error: 'void std::exit(int)' should have been declared inside 'std'
 extern "C" void std::exit (int); using std::exit;
                               ^
In file included from conftest.cc:33:0:
/usr/include/stdlib.h:543:70: error: declaration of 'void std::exit(int) throw ()' has a different exception specifier
 extern void exit (int __status) __THROW __attribute__ ((__noreturn__));
                                                                      ^
conftest.cc:32:17: error: from previous declaration 'void std::exit(int)'
 extern "C" void std::exit (int); using std::exit;
                 ^
configure:5087: $? = 1
configure: failed program was:
| /* confdefs.h.  */
| 
| #define PACKAGE_NAME "Cantera"
| #define PACKAGE_TARNAME "cantera"
| #define PACKAGE_VERSION "1.7.0"
| #define PACKAGE_STRING "Cantera 1.7.0"
| #define PACKAGE_BUGREPORT ""
| #define NDEBUG 1
| #define CANTERA_VERSION "1.8.x"
| #define RXNPATH_FONT "Helvetica"
| #define CANTERA_DATA "/usr/local/cantera/data"
| #define HAS_SUNDIALS 1
| #define SUNDIALS_VERSION_24 1
| #define DEBUG_MODE 1
| #define WITH_METAL 1
| #define WITH_SEMICONDUCTOR 1
| #define WITH_ADSORBATE 1
| #define WITH_STOICH_SUBSTANCE 1
| #define WITH_PURE_FLUIDS 1
| #define WITH_LATTICE_SOLID 1
| #define WITH_IDEAL_SOLUTIONS 1
| #define WITH_ELECTROLYTES 1
| #define WITH_KINETICS 1
| #define WITH_HETEROKINETICS 1
| #define WITH_REACTIONPATHS 1
| #define INCL_PURE_FLUIDS 1
| #define WITH_SPECTRA 1
| #define WITH_HTML_LOGS 1
| #define PYTHON_EXE "/usr/bin/python2.6"
| #define HAS_NUMPY 1
| /* end confdefs.h.  */
| extern "C" void std::exit (int); using std::exit;
| #include <stdlib.h>
| int
| main ()
| {
| exit (42);
|   ;
|   return 0;
| }
configure:5081: g++ -c -O3 -Wall    conftest.cc >&5
configure:5087: $? = 0
configure:5091: test -z 
			 || test ! -s conftest.err
configure:5094: $? = 0
configure:5097: test -s conftest.
configure:5100: $? = 1
configure: failed program was:
| /* confdefs.h.  */
| 
| #define PACKAGE_NAME "Cantera"
| #define PACKAGE_TARNAME "cantera"
| #define PACKAGE_VERSION "1.7.0"
| #define PACKAGE_STRING "Cantera 1.7.0"
| #define PACKAGE_BUGREPORT ""
| #define NDEBUG 1
| #define CANTERA_VERSION "1.8.x"
| #define RXNPATH_FONT "Helvetica"
| #define CANTERA_DATA "/usr/local/cantera/data"
| #define HAS_SUNDIALS 1
| #define SUNDIALS_VERSION_24 1
| #define DEBUG_MODE 1
| #define WITH_METAL 1
| #define WITH_SEMICONDUCTOR 1
| #define WITH_ADSORBATE 1
| #define WITH_STOICH_SUBSTANCE 1
| #define WITH_PURE_FLUIDS 1
| #define WITH_LATTICE_SOLID 1
| #define WITH_IDEAL_SOLUTIONS 1
| #define WITH_ELECTROLYTES 1
| #define WITH_KINETICS 1
| #define WITH_HETEROKINETICS 1
| #define WITH_REACTIONPATHS 1
| #define INCL_PURE_FLUIDS 1
| #define WITH_SPECTRA 1
| #define WITH_HTML_LOGS 1
| #define PYTHON_EXE "/usr/bin/python2.6"
| #define HAS_NUMPY 1
| /* end confdefs.h.  */
| extern "C" void exit (int) throw ();
| #include <stdlib.h>
| int
| main ()
| {
| exit (42);
|   ;
|   return 0;
| }
configure:5081: g++ -c -O3 -Wall    conftest.cc >&5
In file included from conftest.cc:33:0:
/usr/include/stdlib.h:543:70: error: declaration of 'void exit(int) throw ()' has a different exception specifier
 extern void exit (int __status) __THROW __attribute__ ((__noreturn__));
                                                                      ^
conftest.cc:32:17: error: from previous declaration 'void exit(int)'
 extern "C" void exit (int);
                 ^
configure:5087: $? = 1
configure: failed program was:
| /* confdefs.h.  */
| 
| #define PACKAGE_NAME "Cantera"
| #define PACKAGE_TARNAME "cantera"
| #define PACKAGE_VERSION "1.7.0"
| #define PACKAGE_STRING "Cantera 1.7.0"
| #define PACKAGE_BUGREPORT ""
| #define NDEBUG 1
| #define CANTERA_VERSION "1.8.x"
| #define RXNPATH_FONT "Helvetica"
| #define CANTERA_DATA "/usr/local/cantera/data"
| #define HAS_SUNDIALS 1
| #define SUNDIALS_VERSION_24 1
| #define DEBUG_MODE 1
| #define WITH_METAL 1
| #define WITH_SEMICONDUCTOR 1
| #define WITH_ADSORBATE 1
| #define WITH_STOICH_SUBSTANCE 1
| #define WITH_PURE_FLUIDS 1
| #define WITH_LATTICE_SOLID 1
| #define WITH_IDEAL_SOLUTIONS 1
| #define WITH_ELECTROLYTES 1
| #define WITH_KINETICS 1
| #define WITH_HETEROKINETICS 1
| #define WITH_REACTIONPATHS 1
| #define INCL_PURE_FLUIDS 1
| #define WITH_SPECTRA 1
| #define WITH_HTML_LOGS 1
| #define PYTHON_EXE "/usr/bin/python2.6"
| #define HAS_NUMPY 1
| /* end confdefs.h.  */
| extern "C" void exit (int);
| #include <stdlib.h>
| int
| main ()
| {
| exit (42);
|   ;
|   return 0;
| }
configure:5081: g++ -c -O3 -Wall    conftest.cc >&5
In file included from conftest.cc:33:0:
/usr/include/stdlib.h:543:70: error: conflicting declaration of 'void exit(int)' with 'C' linkage
 extern void exit (int __status) __THROW __attribute__ ((__noreturn__));
                                                                      ^
conftest.cc:32:6: note: previous declaration with 'C++' linkage
 void exit (int);
      ^
In file included from conftest.cc:33:0:
/usr/include/stdlib.h:543:70: error: declaration of 'void exit(int) throw ()' has a different exception specifier
 extern void exit (int __status) __THROW __attribute__ ((__noreturn__));
                                                                      ^
conftest.cc:32:6: error: from previous declaration 'void exit(int)'
 void exit (int);
      ^
configure:5087: $? = 1
configure: failed program was:
| /* confdefs.h.  */
| 
| #define PACKAGE_NAME "Cantera"
| #define PACKAGE_TARNAME "cantera"
| #define PACKAGE_VERSION "1.7.0"
| #define PACKAGE_STRING "Cantera 1.7.0"
| #define PACKAGE_BUGREPORT ""
| #define NDEBUG 1
| #define CANTERA_VERSION "1.8.x"
| #define RXNPATH_FONT "Helvetica"
| #define CANTERA_DATA "/usr/local/cantera/data"
| #define HAS_SUNDIALS 1
| #define SUNDIALS_VERSION_24 1
| #define DEBUG_MODE 1
| #define WITH_METAL 1
| #define WITH_SEMICONDUCTOR 1
| #define WITH_ADSORBATE 1
| #define WITH_STOICH_SUBSTANCE 1
| #define WITH_PURE_FLUIDS 1
| #define WITH_LATTICE_SOLID 1
| #define WITH_IDEAL_SOLUTIONS 1
| #define WITH_ELECTROLYTES 1
| #define WITH_KINETICS 1
| #define WITH_HETEROKINETICS 1
| #define WITH_REACTIONPATHS 1
| #define INCL_PURE_FLUIDS 1
| #define WITH_SPECTRA 1
| #define WITH_HTML_LOGS 1
| #define PYTHON_EXE "/usr/bin/python2.6"
| #define HAS_NUMPY 1
| /* end confdefs.h.  */
| void exit (int);
| #include <stdlib.h>
| int
| main ()
| {
| exit (42);
|   ;
|   return 0;
| }
configure:5214: checking for gcc
configure:5240: result: gcc
configure:5484: checking for C compiler version
configure:5487: gcc --version </dev/null >&5
gcc (Ubuntu 5.4.0-6ubuntu1~16.04.12) 5.4.0 20160609
Copyright (C) 2015 Free Software Foundation, Inc.
This is free software; see the source for copying conditions.  There is NO
warranty; not even for MERCHANTABILITY or FITNESS FOR A PARTICULAR PURPOSE.

configure:5490: $? = 0
configure:5492: gcc -v </dev/null >&5
Using built-in specs.
COLLECT_GCC=gcc
COLLECT_LTO_WRAPPER=/usr/lib/gcc/x86_64-linux-gnu/5/lto-wrapper
Target: x86_64-linux-gnu
Configured with: ../src/configure -v --with-pkgversion='Ubuntu 5.4.0-6ubuntu1~16.04.12' --with-bugurl=file:///usr/share/doc/gcc-5/README.Bugs --enable-languages=c,ada,c++,java,go,d,fortran,objc,obj-c++ --prefix=/usr --program-suffix=-5 --enable-shared --enable-linker-build-id --libexecdir=/usr/lib --without-included-gettext --enable-threads=posix --libdir=/usr/lib --enable-nls --with-sysroot=/ --enable-clocale=gnu --enable-libstdcxx-debug --enable-libstdcxx-time=yes --with-default-libstdcxx-abi=new --enable-gnu-unique-object --disable-vtable-verify --enable-libmpx --enable-plugin --with-system-zlib --disable-browser-plugin --enable-java-awt=gtk --enable-gtk-cairo --with-java-home=/usr/lib/jvm/java-1.5.0-gcj-5-amd64/jre --enable-java-home --with-jvm-root-dir=/usr/lib/jvm/java-1.5.0-gcj-5-amd64 --with-jvm-jar-dir=/usr/lib/jvm-exports/java-1.5.0-gcj-5-amd64 --with-arch-directory=amd64 --with-ecj-jar=/usr/share/java/eclipse-ecj.jar --enable-objc-gc --enable-multiarch --disable-werror --with-arch-32=i686 --with-abi=m64 --with-multilib-list=m32,m64,mx32 --enable-multilib --with-tune=generic --enable-checking=release --build=x86_64-linux-gnu --host=x86_64-linux-gnu --target=x86_64-linux-gnu
Thread model: posix
gcc version 5.4.0 20160609 (Ubuntu 5.4.0-6ubuntu1~16.04.12) 
configure:5495: $? = 0
configure:5497: gcc -V </dev/null >&5
gcc: error: unrecognized command line option '-V'
gcc: fatal error: no input files
compilation terminated.
configure:5500: $? = 1
configure:5503: checking whether we are using the GNU C compiler
configure:5527: gcc -c    conftest.c >&5
configure:5533: $? = 0
configure:5537: test -z 
			 || test ! -s conftest.err
configure:5540: $? = 0
configure:5543: test -s conftest.
configure:5546: $? = 1
configure: failed program was:
| /* confdefs.h.  */
| 
| #define PACKAGE_NAME "Cantera"
| #define PACKAGE_TARNAME "cantera"
| #define PACKAGE_VERSION "1.7.0"
| #define PACKAGE_STRING "Cantera 1.7.0"
| #define PACKAGE_BUGREPORT ""
| #define NDEBUG 1
| #define CANTERA_VERSION "1.8.x"
| #define RXNPATH_FONT "Helvetica"
| #define CANTERA_DATA "/usr/local/cantera/data"
| #define HAS_SUNDIALS 1
| #define SUNDIALS_VERSION_24 1
| #define DEBUG_MODE 1
| #define WITH_METAL 1
| #define WITH_SEMICONDUCTOR 1
| #define WITH_ADSORBATE 1
| #define WITH_STOICH_SUBSTANCE 1
| #define WITH_PURE_FLUIDS 1
| #define WITH_LATTICE_SOLID 1
| #define WITH_IDEAL_SOLUTIONS 1
| #define WITH_ELECTROLYTES 1
| #define WITH_KINETICS 1
| #define WITH_HETEROKINETICS 1
| #define WITH_REACTIONPATHS 1
| #define INCL_PURE_FLUIDS 1
| #define WITH_SPECTRA 1
| #define WITH_HTML_LOGS 1
| #define PYTHON_EXE "/usr/bin/python2.6"
| #define HAS_NUMPY 1
| #ifdef __cplusplus
| void exit (int);
| #endif
| /* end confdefs.h.  */
| 
| int
| main ()
| {
| #ifndef __GNUC__
|        choke me
| #endif
| 
|   ;
|   return 0;
| }
configure:5559: result: no
configure:5565: checking whether gcc accepts -g
configure:5586: gcc -c -g  conftest.c >&5
configure:5592: $? = 0
configure:5596: test -z 
			 || test ! -s conftest.err
configure:5599: $? = 0
configure:5602: test -s conftest.
configure:5605: $? = 1
configure: failed program was:
| /* confdefs.h.  */
| 
| #define PACKAGE_NAME "Cantera"
| #define PACKAGE_TARNAME "cantera"
| #define PACKAGE_VERSION "1.7.0"
| #define PACKAGE_STRING "Cantera 1.7.0"
| #define PACKAGE_BUGREPORT ""
| #define NDEBUG 1
| #define CANTERA_VERSION "1.8.x"
| #define RXNPATH_FONT "Helvetica"
| #define CANTERA_DATA "/usr/local/cantera/data"
| #define HAS_SUNDIALS 1
| #define SUNDIALS_VERSION_24 1
| #define DEBUG_MODE 1
| #define WITH_METAL 1
| #define WITH_SEMICONDUCTOR 1
| #define WITH_ADSORBATE 1
| #define WITH_STOICH_SUBSTANCE 1
| #define WITH_PURE_FLUIDS 1
| #define WITH_LATTICE_SOLID 1
| #define WITH_IDEAL_SOLUTIONS 1
| #define WITH_ELECTROLYTES 1
| #define WITH_KINETICS 1
| #define WITH_HETEROKINETICS 1
| #define WITH_REACTIONPATHS 1
| #define INCL_PURE_FLUIDS 1
| #define WITH_SPECTRA 1
| #define WITH_HTML_LOGS 1
| #define PYTHON_EXE "/usr/bin/python2.6"
| #define HAS_NUMPY 1
| #ifdef __cplusplus
| void exit (int);
| #endif
| /* end confdefs.h.  */
| 
| int
| main ()
| {
| 
|   ;
|   return 0;
| }
configure:5616: result: no
configure:5633: checking for gcc option to accept ANSI C
configure:5703: gcc  -c    conftest.c >&5
configure:5709: $? = 0
configure:5713: test -z 
			 || test ! -s conftest.err
configure:5716: $? = 0
configure:5719: test -s conftest.
configure:5722: $? = 1
configure: failed program was:
| /* confdefs.h.  */
| 
| #define PACKAGE_NAME "Cantera"
| #define PACKAGE_TARNAME "cantera"
| #define PACKAGE_VERSION "1.7.0"
| #define PACKAGE_STRING "Cantera 1.7.0"
| #define PACKAGE_BUGREPORT ""
| #define NDEBUG 1
| #define CANTERA_VERSION "1.8.x"
| #define RXNPATH_FONT "Helvetica"
| #define CANTERA_DATA "/usr/local/cantera/data"
| #define HAS_SUNDIALS 1
| #define SUNDIALS_VERSION_24 1
| #define DEBUG_MODE 1
| #define WITH_METAL 1
| #define WITH_SEMICONDUCTOR 1
| #define WITH_ADSORBATE 1
| #define WITH_STOICH_SUBSTANCE 1
| #define WITH_PURE_FLUIDS 1
| #define WITH_LATTICE_SOLID 1
| #define WITH_IDEAL_SOLUTIONS 1
| #define WITH_ELECTROLYTES 1
| #define WITH_KINETICS 1
| #define WITH_HETEROKINETICS 1
| #define WITH_REACTIONPATHS 1
| #define INCL_PURE_FLUIDS 1
| #define WITH_SPECTRA 1
| #define WITH_HTML_LOGS 1
| #define PYTHON_EXE "/usr/bin/python2.6"
| #define HAS_NUMPY 1
| #ifdef __cplusplus
| void exit (int);
| #endif
| /* end confdefs.h.  */
| #include <stdarg.h>
| #include <stdio.h>
| #include <sys/types.h>
| #include <sys/stat.h>
| /* Most of the following tests are stolen from RCS 5.7's src/conf.sh.  */
| struct buf { int x; };
| FILE * (*rcsopen) (struct buf *, struct stat *, int);
| static char *e (p, i)
|      char **p;
|      int i;
| {
|   return p[i];
| }
| static char *f (char * (*g) (char **, int), char **p, ...)
| {
|   char *s;
|   va_list v;
|   va_start (v,p);
|   s = g (p, va_arg (v,int));
|   va_end (v);
|   return s;
| }
| 
| /* OSF 4.0 Compaq cc is some sort of almost-ANSI by default.  It has
|    function prototypes and stuff, but not '\xHH' hex character constants.
|    These don't provoke an error unfortunately, instead are silently treated
|    as 'x'.  The following induces an error, until -std1 is added to get
|    proper ANSI mode.  Curiously '\x00'!='x' always comes out true, for an
|    array size at least.  It's necessary to write '\x00'==0 to get something
|    that's true only with -std1.  */
| int osf4_cc_array ['\x00' == 0 ? 1 : -1];
| 
| int test (int i, double x);
| struct s1 {int (*f) (int a);};
| struct s2 {int (*f) (double a);};
| int pairnames (int, char **, FILE *(*)(struct buf *, struct stat *, int), int, int);
| int argc;
| char **argv;
| int
| main ()
| {
| return f (e, argv, 0) != argv[0]  ||  f (e, argv, 1) != argv[1];
|   ;
|   return 0;
| }
configure:5703: gcc -qlanglvl=ansi -c    conftest.c >&5
gcc: error: unrecognized command line option '-qlanglvl=ansi'
configure:5709: $? = 1
configure: failed program was:
| /* confdefs.h.  */
| 
| #define PACKAGE_NAME "Cantera"
| #define PACKAGE_TARNAME "cantera"
| #define PACKAGE_VERSION "1.7.0"
| #define PACKAGE_STRING "Cantera 1.7.0"
| #define PACKAGE_BUGREPORT ""
| #define NDEBUG 1
| #define CANTERA_VERSION "1.8.x"
| #define RXNPATH_FONT "Helvetica"
| #define CANTERA_DATA "/usr/local/cantera/data"
| #define HAS_SUNDIALS 1
| #define SUNDIALS_VERSION_24 1
| #define DEBUG_MODE 1
| #define WITH_METAL 1
| #define WITH_SEMICONDUCTOR 1
| #define WITH_ADSORBATE 1
| #define WITH_STOICH_SUBSTANCE 1
| #define WITH_PURE_FLUIDS 1
| #define WITH_LATTICE_SOLID 1
| #define WITH_IDEAL_SOLUTIONS 1
| #define WITH_ELECTROLYTES 1
| #define WITH_KINETICS 1
| #define WITH_HETEROKINETICS 1
| #define WITH_REACTIONPATHS 1
| #define INCL_PURE_FLUIDS 1
| #define WITH_SPECTRA 1
| #define WITH_HTML_LOGS 1
| #define PYTHON_EXE "/usr/bin/python2.6"
| #define HAS_NUMPY 1
| #ifdef __cplusplus
| void exit (int);
| #endif
| /* end confdefs.h.  */
| #include <stdarg.h>
| #include <stdio.h>
| #include <sys/types.h>
| #include <sys/stat.h>
| /* Most of the following tests are stolen from RCS 5.7's src/conf.sh.  */
| struct buf { int x; };
| FILE * (*rcsopen) (struct buf *, struct stat *, int);
| static char *e (p, i)
|      char **p;
|      int i;
| {
|   return p[i];
| }
| static char *f (char * (*g) (char **, int), char **p, ...)
| {
|   char *s;
|   va_list v;
|   va_start (v,p);
|   s = g (p, va_arg (v,int));
|   va_end (v);
|   return s;
| }
| 
| /* OSF 4.0 Compaq cc is some sort of almost-ANSI by default.  It has
|    function prototypes and stuff, but not '\xHH' hex character constants.
|    These don't provoke an error unfortunately, instead are silently treated
|    as 'x'.  The following induces an error, until -std1 is added to get
|    proper ANSI mode.  Curiously '\x00'!='x' always comes out true, for an
|    array size at least.  It's necessary to write '\x00'==0 to get something
|    that's true only with -std1.  */
| int osf4_cc_array ['\x00' == 0 ? 1 : -1];
| 
| int test (int i, double x);
| struct s1 {int (*f) (int a);};
| struct s2 {int (*f) (double a);};
| int pairnames (int, char **, FILE *(*)(struct buf *, struct stat *, int), int, int);
| int argc;
| char **argv;
| int
| main ()
| {
| return f (e, argv, 0) != argv[0]  ||  f (e, argv, 1) != argv[1];
|   ;
|   return 0;
| }
configure:5703: gcc -std1 -c    conftest.c >&5
gcc: error: unrecognized command line option '-std1'
configure:5709: $? = 1
configure: failed program was:
| /* confdefs.h.  */
| 
| #define PACKAGE_NAME "Cantera"
| #define PACKAGE_TARNAME "cantera"
| #define PACKAGE_VERSION "1.7.0"
| #define PACKAGE_STRING "Cantera 1.7.0"
| #define PACKAGE_BUGREPORT ""
| #define NDEBUG 1
| #define CANTERA_VERSION "1.8.x"
| #define RXNPATH_FONT "Helvetica"
| #define CANTERA_DATA "/usr/local/cantera/data"
| #define HAS_SUNDIALS 1
| #define SUNDIALS_VERSION_24 1
| #define DEBUG_MODE 1
| #define WITH_METAL 1
| #define WITH_SEMICONDUCTOR 1
| #define WITH_ADSORBATE 1
| #define WITH_STOICH_SUBSTANCE 1
| #define WITH_PURE_FLUIDS 1
| #define WITH_LATTICE_SOLID 1
| #define WITH_IDEAL_SOLUTIONS 1
| #define WITH_ELECTROLYTES 1
| #define WITH_KINETICS 1
| #define WITH_HETEROKINETICS 1
| #define WITH_REACTIONPATHS 1
| #define INCL_PURE_FLUIDS 1
| #define WITH_SPECTRA 1
| #define WITH_HTML_LOGS 1
| #define PYTHON_EXE "/usr/bin/python2.6"
| #define HAS_NUMPY 1
| #ifdef __cplusplus
| void exit (int);
| #endif
| /* end confdefs.h.  */
| #include <stdarg.h>
| #include <stdio.h>
| #include <sys/types.h>
| #include <sys/stat.h>
| /* Most of the following tests are stolen from RCS 5.7's src/conf.sh.  */
| struct buf { int x; };
| FILE * (*rcsopen) (struct buf *, struct stat *, int);
| static char *e (p, i)
|      char **p;
|      int i;
| {
|   return p[i];
| }
| static char *f (char * (*g) (char **, int), char **p, ...)
| {
|   char *s;
|   va_list v;
|   va_start (v,p);
|   s = g (p, va_arg (v,int));
|   va_end (v);
|   return s;
| }
| 
| /* OSF 4.0 Compaq cc is some sort of almost-ANSI by default.  It has
|    function prototypes and stuff, but not '\xHH' hex character constants.
|    These don't provoke an error unfortunately, instead are silently treated
|    as 'x'.  The following induces an error, until -std1 is added to get
|    proper ANSI mode.  Curiously '\x00'!='x' always comes out true, for an
|    array size at least.  It's necessary to write '\x00'==0 to get something
|    that's true only with -std1.  */
| int osf4_cc_array ['\x00' == 0 ? 1 : -1];
| 
| int test (int i, double x);
| struct s1 {int (*f) (int a);};
| struct s2 {int (*f) (double a);};
| int pairnames (int, char **, FILE *(*)(struct buf *, struct stat *, int), int, int);
| int argc;
| char **argv;
| int
| main ()
| {
| return f (e, argv, 0) != argv[0]  ||  f (e, argv, 1) != argv[1];
|   ;
|   return 0;
| }
configure:5703: gcc -Ae -c    conftest.c >&5
<command-line>:0:1: error: missing '(' after predicate
configure:5709: $? = 1
configure: failed program was:
| /* confdefs.h.  */
| 
| #define PACKAGE_NAME "Cantera"
| #define PACKAGE_TARNAME "cantera"
| #define PACKAGE_VERSION "1.7.0"
| #define PACKAGE_STRING "Cantera 1.7.0"
| #define PACKAGE_BUGREPORT ""
| #define NDEBUG 1
| #define CANTERA_VERSION "1.8.x"
| #define RXNPATH_FONT "Helvetica"
| #define CANTERA_DATA "/usr/local/cantera/data"
| #define HAS_SUNDIALS 1
| #define SUNDIALS_VERSION_24 1
| #define DEBUG_MODE 1
| #define WITH_METAL 1
| #define WITH_SEMICONDUCTOR 1
| #define WITH_ADSORBATE 1
| #define WITH_STOICH_SUBSTANCE 1
| #define WITH_PURE_FLUIDS 1
| #define WITH_LATTICE_SOLID 1
| #define WITH_IDEAL_SOLUTIONS 1
| #define WITH_ELECTROLYTES 1
| #define WITH_KINETICS 1
| #define WITH_HETEROKINETICS 1
| #define WITH_REACTIONPATHS 1
| #define INCL_PURE_FLUIDS 1
| #define WITH_SPECTRA 1
| #define WITH_HTML_LOGS 1
| #define PYTHON_EXE "/usr/bin/python2.6"
| #define HAS_NUMPY 1
| #ifdef __cplusplus
| void exit (int);
| #endif
| /* end confdefs.h.  */
| #include <stdarg.h>
| #include <stdio.h>
| #include <sys/types.h>
| #include <sys/stat.h>
| /* Most of the following tests are stolen from RCS 5.7's src/conf.sh.  */
| struct buf { int x; };
| FILE * (*rcsopen) (struct buf *, struct stat *, int);
| static char *e (p, i)
|      char **p;
|      int i;
| {
|   return p[i];
| }
| static char *f (char * (*g) (char **, int), char **p, ...)
| {
|   char *s;
|   va_list v;
|   va_start (v,p);
|   s = g (p, va_arg (v,int));
|   va_end (v);
|   return s;
| }
| 
| /* OSF 4.0 Compaq cc is some sort of almost-ANSI by default.  It has
|    function prototypes and stuff, but not '\xHH' hex character constants.
|    These don't provoke an error unfortunately, instead are silently treated
|    as 'x'.  The following induces an error, until -std1 is added to get
|    proper ANSI mode.  Curiously '\x00'!='x' always comes out true, for an
|    array size at least.  It's necessary to write '\x00'==0 to get something
|    that's true only with -std1.  */
| int osf4_cc_array ['\x00' == 0 ? 1 : -1];
| 
| int test (int i, double x);
| struct s1 {int (*f) (int a);};
| struct s2 {int (*f) (double a);};
| int pairnames (int, char **, FILE *(*)(struct buf *, struct stat *, int), int, int);
| int argc;
| char **argv;
| int
| main ()
| {
| return f (e, argv, 0) != argv[0]  ||  f (e, argv, 1) != argv[1];
|   ;
|   return 0;
| }
configure:5703: gcc -Aa -D_HPUX_SOURCE -c    conftest.c >&5
<command-line>:0:1: error: missing '(' after predicate
configure:5709: $? = 1
configure: failed program was:
| /* confdefs.h.  */
| 
| #define PACKAGE_NAME "Cantera"
| #define PACKAGE_TARNAME "cantera"
| #define PACKAGE_VERSION "1.7.0"
| #define PACKAGE_STRING "Cantera 1.7.0"
| #define PACKAGE_BUGREPORT ""
| #define NDEBUG 1
| #define CANTERA_VERSION "1.8.x"
| #define RXNPATH_FONT "Helvetica"
| #define CANTERA_DATA "/usr/local/cantera/data"
| #define HAS_SUNDIALS 1
| #define SUNDIALS_VERSION_24 1
| #define DEBUG_MODE 1
| #define WITH_METAL 1
| #define WITH_SEMICONDUCTOR 1
| #define WITH_ADSORBATE 1
| #define WITH_STOICH_SUBSTANCE 1
| #define WITH_PURE_FLUIDS 1
| #define WITH_LATTICE_SOLID 1
| #define WITH_IDEAL_SOLUTIONS 1
| #define WITH_ELECTROLYTES 1
| #define WITH_KINETICS 1
| #define WITH_HETEROKINETICS 1
| #define WITH_REACTIONPATHS 1
| #define INCL_PURE_FLUIDS 1
| #define WITH_SPECTRA 1
| #define WITH_HTML_LOGS 1
| #define PYTHON_EXE "/usr/bin/python2.6"
| #define HAS_NUMPY 1
| #ifdef __cplusplus
| void exit (int);
| #endif
| /* end confdefs.h.  */
| #include <stdarg.h>
| #include <stdio.h>
| #include <sys/types.h>
| #include <sys/stat.h>
| /* Most of the following tests are stolen from RCS 5.7's src/conf.sh.  */
| struct buf { int x; };
| FILE * (*rcsopen) (struct buf *, struct stat *, int);
| static char *e (p, i)
|      char **p;
|      int i;
| {
|   return p[i];
| }
| static char *f (char * (*g) (char **, int), char **p, ...)
| {
|   char *s;
|   va_list v;
|   va_start (v,p);
|   s = g (p, va_arg (v,int));
|   va_end (v);
|   return s;
| }
| 
| /* OSF 4.0 Compaq cc is some sort of almost-ANSI by default.  It has
|    function prototypes and stuff, but not '\xHH' hex character constants.
|    These don't provoke an error unfortunately, instead are silently treated
|    as 'x'.  The following induces an error, until -std1 is added to get
|    proper ANSI mode.  Curiously '\x00'!='x' always comes out true, for an
|    array size at least.  It's necessary to write '\x00'==0 to get something
|    that's true only with -std1.  */
| int osf4_cc_array ['\x00' == 0 ? 1 : -1];
| 
| int test (int i, double x);
| struct s1 {int (*f) (int a);};
| struct s2 {int (*f) (double a);};
| int pairnames (int, char **, FILE *(*)(struct buf *, struct stat *, int), int, int);
| int argc;
| char **argv;
| int
| main ()
| {
| return f (e, argv, 0) != argv[0]  ||  f (e, argv, 1) != argv[1];
|   ;
|   return 0;
| }
configure:5703: gcc -Xc -D__EXTENSIONS__ -c    conftest.c >&5
gcc: error: unrecognized command line option '-Xc'
configure:5709: $? = 1
configure: failed program was:
| /* confdefs.h.  */
| 
| #define PACKAGE_NAME "Cantera"
| #define PACKAGE_TARNAME "cantera"
| #define PACKAGE_VERSION "1.7.0"
| #define PACKAGE_STRING "Cantera 1.7.0"
| #define PACKAGE_BUGREPORT ""
| #define NDEBUG 1
| #define CANTERA_VERSION "1.8.x"
| #define RXNPATH_FONT "Helvetica"
| #define CANTERA_DATA "/usr/local/cantera/data"
| #define HAS_SUNDIALS 1
| #define SUNDIALS_VERSION_24 1
| #define DEBUG_MODE 1
| #define WITH_METAL 1
| #define WITH_SEMICONDUCTOR 1
| #define WITH_ADSORBATE 1
| #define WITH_STOICH_SUBSTANCE 1
| #define WITH_PURE_FLUIDS 1
| #define WITH_LATTICE_SOLID 1
| #define WITH_IDEAL_SOLUTIONS 1
| #define WITH_ELECTROLYTES 1
| #define WITH_KINETICS 1
| #define WITH_HETEROKINETICS 1
| #define WITH_REACTIONPATHS 1
| #define INCL_PURE_FLUIDS 1
| #define WITH_SPECTRA 1
| #define WITH_HTML_LOGS 1
| #define PYTHON_EXE "/usr/bin/python2.6"
| #define HAS_NUMPY 1
| #ifdef __cplusplus
| void exit (int);
| #endif
| /* end confdefs.h.  */
| #include <stdarg.h>
| #include <stdio.h>
| #include <sys/types.h>
| #include <sys/stat.h>
| /* Most of the following tests are stolen from RCS 5.7's src/conf.sh.  */
| struct buf { int x; };
| FILE * (*rcsopen) (struct buf *, struct stat *, int);
| static char *e (p, i)
|      char **p;
|      int i;
| {
|   return p[i];
| }
| static char *f (char * (*g) (char **, int), char **p, ...)
| {
|   char *s;
|   va_list v;
|   va_start (v,p);
|   s = g (p, va_arg (v,int));
|   va_end (v);
|   return s;
| }
| 
| /* OSF 4.0 Compaq cc is some sort of almost-ANSI by default.  It has
|    function prototypes and stuff, but not '\xHH' hex character constants.
|    These don't provoke an error unfortunately, instead are silently treated
|    as 'x'.  The following induces an error, until -std1 is added to get
|    proper ANSI mode.  Curiously '\x00'!='x' always comes out true, for an
|    array size at least.  It's necessary to write '\x00'==0 to get something
|    that's true only with -std1.  */
| int osf4_cc_array ['\x00' == 0 ? 1 : -1];
| 
| int test (int i, double x);
| struct s1 {int (*f) (int a);};
| struct s2 {int (*f) (double a);};
| int pairnames (int, char **, FILE *(*)(struct buf *, struct stat *, int), int, int);
| int argc;
| char **argv;
| int
| main ()
| {
| return f (e, argv, 0) != argv[0]  ||  f (e, argv, 1) != argv[1];
|   ;
|   return 0;
| }
configure:5740: result: none needed
configure:5758: gcc -c    conftest.c >&5
conftest.c:2:3: error: unknown type name 'choke'
   choke me
   ^
conftest.c:2:3: error: expected '=', ',', ';', 'asm' or '__attribute__' at end of input
configure:5764: $? = 1
configure: failed program was:
| #ifndef __cplusplus
|   choke me
| #endif
configure:5899: checking for ability to precompile headers
configure:5912: result: no
configure:5923: checking how to run the C++ preprocessor
configure:5954: g++ -E  conftest.cc
configure:5960: $? = 0
configure:5992: g++ -E  conftest.cc
conftest.cc:35:28: fatal error: ac_nonexistent.h: No such file or directory
compilation terminated.
configure:5998: $? = 1
configure: failed program was:
| /* confdefs.h.  */
| 
| #define PACKAGE_NAME "Cantera"
| #define PACKAGE_TARNAME "cantera"
| #define PACKAGE_VERSION "1.7.0"
| #define PACKAGE_STRING "Cantera 1.7.0"
| #define PACKAGE_BUGREPORT ""
| #define NDEBUG 1
| #define CANTERA_VERSION "1.8.x"
| #define RXNPATH_FONT "Helvetica"
| #define CANTERA_DATA "/usr/local/cantera/data"
| #define HAS_SUNDIALS 1
| #define SUNDIALS_VERSION_24 1
| #define DEBUG_MODE 1
| #define WITH_METAL 1
| #define WITH_SEMICONDUCTOR 1
| #define WITH_ADSORBATE 1
| #define WITH_STOICH_SUBSTANCE 1
| #define WITH_PURE_FLUIDS 1
| #define WITH_LATTICE_SOLID 1
| #define WITH_IDEAL_SOLUTIONS 1
| #define WITH_ELECTROLYTES 1
| #define WITH_KINETICS 1
| #define WITH_HETEROKINETICS 1
| #define WITH_REACTIONPATHS 1
| #define INCL_PURE_FLUIDS 1
| #define WITH_SPECTRA 1
| #define WITH_HTML_LOGS 1
| #define PYTHON_EXE "/usr/bin/python2.6"
| #define HAS_NUMPY 1
| #ifdef __cplusplus
| void exit (int);
| #endif
| /* end confdefs.h.  */
| #include <ac_nonexistent.h>
configure:6037: result: g++ -E
configure:6061: g++ -E  conftest.cc
configure:6067: $? = 0
configure:6099: g++ -E  conftest.cc
conftest.cc:35:28: fatal error: ac_nonexistent.h: No such file or directory
compilation terminated.
configure:6105: $? = 1
configure: failed program was:
| /* confdefs.h.  */
| 
| #define PACKAGE_NAME "Cantera"
| #define PACKAGE_TARNAME "cantera"
| #define PACKAGE_VERSION "1.7.0"
| #define PACKAGE_STRING "Cantera 1.7.0"
| #define PACKAGE_BUGREPORT ""
| #define NDEBUG 1
| #define CANTERA_VERSION "1.8.x"
| #define RXNPATH_FONT "Helvetica"
| #define CANTERA_DATA "/usr/local/cantera/data"
| #define HAS_SUNDIALS 1
| #define SUNDIALS_VERSION_24 1
| #define DEBUG_MODE 1
| #define WITH_METAL 1
| #define WITH_SEMICONDUCTOR 1
| #define WITH_ADSORBATE 1
| #define WITH_STOICH_SUBSTANCE 1
| #define WITH_PURE_FLUIDS 1
| #define WITH_LATTICE_SOLID 1
| #define WITH_IDEAL_SOLUTIONS 1
| #define WITH_ELECTROLYTES 1
| #define WITH_KINETICS 1
| #define WITH_HETEROKINETICS 1
| #define WITH_REACTIONPATHS 1
| #define INCL_PURE_FLUIDS 1
| #define WITH_SPECTRA 1
| #define WITH_HTML_LOGS 1
| #define PYTHON_EXE "/usr/bin/python2.6"
| #define HAS_NUMPY 1
| #ifdef __cplusplus
| void exit (int);
| #endif
| /* end confdefs.h.  */
| #include <ac_nonexistent.h>
configure:6149: checking for egrep
configure:6159: result: grep -E
configure:6164: checking for ANSI C header files
configure:6189: g++ -c -O3 -Wall    conftest.cc >&5
In file included from conftest.cc:35:0:
/usr/include/stdlib.h:543:70: error: conflicting declaration of 'void exit(int)' with 'C' linkage
 extern void exit (int __status) __THROW __attribute__ ((__noreturn__));
                                                                      ^
conftest.cc:32:6: note: previous declaration with 'C++' linkage
 void exit (int);
      ^
In file included from conftest.cc:35:0:
/usr/include/stdlib.h:543:70: error: declaration of 'void exit(int) throw ()' has a different exception specifier
 extern void exit (int __status) __THROW __attribute__ ((__noreturn__));
                                                                      ^
conftest.cc:32:6: error: from previous declaration 'void exit(int)'
 void exit (int);
      ^
configure:6195: $? = 1
configure: failed program was:
| /* confdefs.h.  */
| 
| #define PACKAGE_NAME "Cantera"
| #define PACKAGE_TARNAME "cantera"
| #define PACKAGE_VERSION "1.7.0"
| #define PACKAGE_STRING "Cantera 1.7.0"
| #define PACKAGE_BUGREPORT ""
| #define NDEBUG 1
| #define CANTERA_VERSION "1.8.x"
| #define RXNPATH_FONT "Helvetica"
| #define CANTERA_DATA "/usr/local/cantera/data"
| #define HAS_SUNDIALS 1
| #define SUNDIALS_VERSION_24 1
| #define DEBUG_MODE 1
| #define WITH_METAL 1
| #define WITH_SEMICONDUCTOR 1
| #define WITH_ADSORBATE 1
| #define WITH_STOICH_SUBSTANCE 1
| #define WITH_PURE_FLUIDS 1
| #define WITH_LATTICE_SOLID 1
| #define WITH_IDEAL_SOLUTIONS 1
| #define WITH_ELECTROLYTES 1
| #define WITH_KINETICS 1
| #define WITH_HETEROKINETICS 1
| #define WITH_REACTIONPATHS 1
| #define INCL_PURE_FLUIDS 1
| #define WITH_SPECTRA 1
| #define WITH_HTML_LOGS 1
| #define PYTHON_EXE "/usr/bin/python2.6"
| #define HAS_NUMPY 1
| #ifdef __cplusplus
| void exit (int);
| #endif
| /* end confdefs.h.  */
| #include <stdlib.h>
| #include <stdarg.h>
| #include <string.h>
| #include <float.h>
| 
| int
| main ()
| {
| 
|   ;
|   return 0;
| }
configure:6320: result: no
configure:6344: checking for sys/types.h
configure:6360: g++ -c -O3 -Wall    conftest.cc >&5
configure:6366: $? = 0
configure:6370: test -z 
			 || test ! -s conftest.err
configure:6373: $? = 0
configure:6376: test -s conftest.
configure:6379: $? = 1
configure: failed program was:
| /* confdefs.h.  */
| 
| #define PACKAGE_NAME "Cantera"
| #define PACKAGE_TARNAME "cantera"
| #define PACKAGE_VERSION "1.7.0"
| #define PACKAGE_STRING "Cantera 1.7.0"
| #define PACKAGE_BUGREPORT ""
| #define NDEBUG 1
| #define CANTERA_VERSION "1.8.x"
| #define RXNPATH_FONT "Helvetica"
| #define CANTERA_DATA "/usr/local/cantera/data"
| #define HAS_SUNDIALS 1
| #define SUNDIALS_VERSION_24 1
| #define DEBUG_MODE 1
| #define WITH_METAL 1
| #define WITH_SEMICONDUCTOR 1
| #define WITH_ADSORBATE 1
| #define WITH_STOICH_SUBSTANCE 1
| #define WITH_PURE_FLUIDS 1
| #define WITH_LATTICE_SOLID 1
| #define WITH_IDEAL_SOLUTIONS 1
| #define WITH_ELECTROLYTES 1
| #define WITH_KINETICS 1
| #define WITH_HETEROKINETICS 1
| #define WITH_REACTIONPATHS 1
| #define INCL_PURE_FLUIDS 1
| #define WITH_SPECTRA 1
| #define WITH_HTML_LOGS 1
| #define PYTHON_EXE "/usr/bin/python2.6"
| #define HAS_NUMPY 1
| #ifdef __cplusplus
| void exit (int);
| #endif
| /* end confdefs.h.  */
| #include <stdio.h>
| #if HAVE_SYS_TYPES_H
| # include <sys/types.h>
| #endif
| #if HAVE_SYS_STAT_H
| # include <sys/stat.h>
| #endif
| #if STDC_HEADERS
| # include <stdlib.h>
| # include <stddef.h>
| #else
| # if HAVE_STDLIB_H
| #  include <stdlib.h>
| # endif
| #endif
| #if HAVE_STRING_H
| # if !STDC_HEADERS && HAVE_MEMORY_H
| #  include <memory.h>
| # endif
| # include <string.h>
| #endif
| #if HAVE_STRINGS_H
| # include <strings.h>
| #endif
| #if HAVE_INTTYPES_H
| # include <inttypes.h>
| #else
| # if HAVE_STDINT_H
| #  include <stdint.h>
| # endif
| #endif
| #if HAVE_UNISTD_H
| # include <unistd.h>
| #endif
| 
| #include <sys/types.h>
configure:6390: result: no
configure:6344: checking for sys/stat.h
configure:6360: g++ -c -O3 -Wall    conftest.cc >&5
configure:6366: $? = 0
configure:6370: test -z 
			 || test ! -s conftest.err
configure:6373: $? = 0
configure:6376: test -s conftest.
configure:6379: $? = 1
configure: failed program was:
| /* confdefs.h.  */
| 
| #define PACKAGE_NAME "Cantera"
| #define PACKAGE_TARNAME "cantera"
| #define PACKAGE_VERSION "1.7.0"
| #define PACKAGE_STRING "Cantera 1.7.0"
| #define PACKAGE_BUGREPORT ""
| #define NDEBUG 1
| #define CANTERA_VERSION "1.8.x"
| #define RXNPATH_FONT "Helvetica"
| #define CANTERA_DATA "/usr/local/cantera/data"
| #define HAS_SUNDIALS 1
| #define SUNDIALS_VERSION_24 1
| #define DEBUG_MODE 1
| #define WITH_METAL 1
| #define WITH_SEMICONDUCTOR 1
| #define WITH_ADSORBATE 1
| #define WITH_STOICH_SUBSTANCE 1
| #define WITH_PURE_FLUIDS 1
| #define WITH_LATTICE_SOLID 1
| #define WITH_IDEAL_SOLUTIONS 1
| #define WITH_ELECTROLYTES 1
| #define WITH_KINETICS 1
| #define WITH_HETEROKINETICS 1
| #define WITH_REACTIONPATHS 1
| #define INCL_PURE_FLUIDS 1
| #define WITH_SPECTRA 1
| #define WITH_HTML_LOGS 1
| #define PYTHON_EXE "/usr/bin/python2.6"
| #define HAS_NUMPY 1
| #ifdef __cplusplus
| void exit (int);
| #endif
| /* end confdefs.h.  */
| #include <stdio.h>
| #if HAVE_SYS_TYPES_H
| # include <sys/types.h>
| #endif
| #if HAVE_SYS_STAT_H
| # include <sys/stat.h>
| #endif
| #if STDC_HEADERS
| # include <stdlib.h>
| # include <stddef.h>
| #else
| # if HAVE_STDLIB_H
| #  include <stdlib.h>
| # endif
| #endif
| #if HAVE_STRING_H
| # if !STDC_HEADERS && HAVE_MEMORY_H
| #  include <memory.h>
| # endif
| # include <string.h>
| #endif
| #if HAVE_STRINGS_H
| # include <strings.h>
| #endif
| #if HAVE_INTTYPES_H
| # include <inttypes.h>
| #else
| # if HAVE_STDINT_H
| #  include <stdint.h>
| # endif
| #endif
| #if HAVE_UNISTD_H
| # include <unistd.h>
| #endif
| 
| #include <sys/stat.h>
configure:6390: result: no
configure:6344: checking for stdlib.h
configure:6360: g++ -c -O3 -Wall    conftest.cc >&5
In file included from conftest.cc:70:0:
/usr/include/stdlib.h:543:70: error: conflicting declaration of 'void exit(int)' with 'C' linkage
 extern void exit (int __status) __THROW __attribute__ ((__noreturn__));
                                                                      ^
conftest.cc:32:6: note: previous declaration with 'C++' linkage
 void exit (int);
      ^
In file included from conftest.cc:70:0:
/usr/include/stdlib.h:543:70: error: declaration of 'void exit(int) throw ()' has a different exception specifier
 extern void exit (int __status) __THROW __attribute__ ((__noreturn__));
                                                                      ^
conftest.cc:32:6: error: from previous declaration 'void exit(int)'
 void exit (int);
      ^
configure:6366: $? = 1
configure: failed program was:
| /* confdefs.h.  */
| 
| #define PACKAGE_NAME "Cantera"
| #define PACKAGE_TARNAME "cantera"
| #define PACKAGE_VERSION "1.7.0"
| #define PACKAGE_STRING "Cantera 1.7.0"
| #define PACKAGE_BUGREPORT ""
| #define NDEBUG 1
| #define CANTERA_VERSION "1.8.x"
| #define RXNPATH_FONT "Helvetica"
| #define CANTERA_DATA "/usr/local/cantera/data"
| #define HAS_SUNDIALS 1
| #define SUNDIALS_VERSION_24 1
| #define DEBUG_MODE 1
| #define WITH_METAL 1
| #define WITH_SEMICONDUCTOR 1
| #define WITH_ADSORBATE 1
| #define WITH_STOICH_SUBSTANCE 1
| #define WITH_PURE_FLUIDS 1
| #define WITH_LATTICE_SOLID 1
| #define WITH_IDEAL_SOLUTIONS 1
| #define WITH_ELECTROLYTES 1
| #define WITH_KINETICS 1
| #define WITH_HETEROKINETICS 1
| #define WITH_REACTIONPATHS 1
| #define INCL_PURE_FLUIDS 1
| #define WITH_SPECTRA 1
| #define WITH_HTML_LOGS 1
| #define PYTHON_EXE "/usr/bin/python2.6"
| #define HAS_NUMPY 1
| #ifdef __cplusplus
| void exit (int);
| #endif
| /* end confdefs.h.  */
| #include <stdio.h>
| #if HAVE_SYS_TYPES_H
| # include <sys/types.h>
| #endif
| #if HAVE_SYS_STAT_H
| # include <sys/stat.h>
| #endif
| #if STDC_HEADERS
| # include <stdlib.h>
| # include <stddef.h>
| #else
| # if HAVE_STDLIB_H
| #  include <stdlib.h>
| # endif
| #endif
| #if HAVE_STRING_H
| # if !STDC_HEADERS && HAVE_MEMORY_H
| #  include <memory.h>
| # endif
| # include <string.h>
| #endif
| #if HAVE_STRINGS_H
| # include <strings.h>
| #endif
| #if HAVE_INTTYPES_H
| # include <inttypes.h>
| #else
| # if HAVE_STDINT_H
| #  include <stdint.h>
| # endif
| #endif
| #if HAVE_UNISTD_H
| # include <unistd.h>
| #endif
| 
| #include <stdlib.h>
configure:6390: result: no
configure:6344: checking for string.h
configure:6360: g++ -c -O3 -Wall    conftest.cc >&5
configure:6366: $? = 0
configure:6370: test -z 
			 || test ! -s conftest.err
configure:6373: $? = 0
configure:6376: test -s conftest.
configure:6379: $? = 1
configure: failed program was:
| /* confdefs.h.  */
| 
| #define PACKAGE_NAME "Cantera"
| #define PACKAGE_TARNAME "cantera"
| #define PACKAGE_VERSION "1.7.0"
| #define PACKAGE_STRING "Cantera 1.7.0"
| #define PACKAGE_BUGREPORT ""
| #define NDEBUG 1
| #define CANTERA_VERSION "1.8.x"
| #define RXNPATH_FONT "Helvetica"
| #define CANTERA_DATA "/usr/local/cantera/data"
| #define HAS_SUNDIALS 1
| #define SUNDIALS_VERSION_24 1
| #define DEBUG_MODE 1
| #define WITH_METAL 1
| #define WITH_SEMICONDUCTOR 1
| #define WITH_ADSORBATE 1
| #define WITH_STOICH_SUBSTANCE 1
| #define WITH_PURE_FLUIDS 1
| #define WITH_LATTICE_SOLID 1
| #define WITH_IDEAL_SOLUTIONS 1
| #define WITH_ELECTROLYTES 1
| #define WITH_KINETICS 1
| #define WITH_HETEROKINETICS 1
| #define WITH_REACTIONPATHS 1
| #define INCL_PURE_FLUIDS 1
| #define WITH_SPECTRA 1
| #define WITH_HTML_LOGS 1
| #define PYTHON_EXE "/usr/bin/python2.6"
| #define HAS_NUMPY 1
| #ifdef __cplusplus
| void exit (int);
| #endif
| /* end confdefs.h.  */
| #include <stdio.h>
| #if HAVE_SYS_TYPES_H
| # include <sys/types.h>
| #endif
| #if HAVE_SYS_STAT_H
| # include <sys/stat.h>
| #endif
| #if STDC_HEADERS
| # include <stdlib.h>
| # include <stddef.h>
| #else
| # if HAVE_STDLIB_H
| #  include <stdlib.h>
| # endif
| #endif
| #if HAVE_STRING_H
| # if !STDC_HEADERS && HAVE_MEMORY_H
| #  include <memory.h>
| # endif
| # include <string.h>
| #endif
| #if HAVE_STRINGS_H
| # include <strings.h>
| #endif
| #if HAVE_INTTYPES_H
| # include <inttypes.h>
| #else
| # if HAVE_STDINT_H
| #  include <stdint.h>
| # endif
| #endif
| #if HAVE_UNISTD_H
| # include <unistd.h>
| #endif
| 
| #include <string.h>
configure:6390: result: no
configure:6344: checking for memory.h
configure:6360: g++ -c -O3 -Wall    conftest.cc >&5
configure:6366: $? = 0
configure:6370: test -z 
			 || test ! -s conftest.err
configure:6373: $? = 0
configure:6376: test -s conftest.
configure:6379: $? = 1
configure: failed program was:
| /* confdefs.h.  */
| 
| #define PACKAGE_NAME "Cantera"
| #define PACKAGE_TARNAME "cantera"
| #define PACKAGE_VERSION "1.7.0"
| #define PACKAGE_STRING "Cantera 1.7.0"
| #define PACKAGE_BUGREPORT ""
| #define NDEBUG 1
| #define CANTERA_VERSION "1.8.x"
| #define RXNPATH_FONT "Helvetica"
| #define CANTERA_DATA "/usr/local/cantera/data"
| #define HAS_SUNDIALS 1
| #define SUNDIALS_VERSION_24 1
| #define DEBUG_MODE 1
| #define WITH_METAL 1
| #define WITH_SEMICONDUCTOR 1
| #define WITH_ADSORBATE 1
| #define WITH_STOICH_SUBSTANCE 1
| #define WITH_PURE_FLUIDS 1
| #define WITH_LATTICE_SOLID 1
| #define WITH_IDEAL_SOLUTIONS 1
| #define WITH_ELECTROLYTES 1
| #define WITH_KINETICS 1
| #define WITH_HETEROKINETICS 1
| #define WITH_REACTIONPATHS 1
| #define INCL_PURE_FLUIDS 1
| #define WITH_SPECTRA 1
| #define WITH_HTML_LOGS 1
| #define PYTHON_EXE "/usr/bin/python2.6"
| #define HAS_NUMPY 1
| #ifdef __cplusplus
| void exit (int);
| #endif
| /* end confdefs.h.  */
| #include <stdio.h>
| #if HAVE_SYS_TYPES_H
| # include <sys/types.h>
| #endif
| #if HAVE_SYS_STAT_H
| # include <sys/stat.h>
| #endif
| #if STDC_HEADERS
| # include <stdlib.h>
| # include <stddef.h>
| #else
| # if HAVE_STDLIB_H
| #  include <stdlib.h>
| # endif
| #endif
| #if HAVE_STRING_H
| # if !STDC_HEADERS && HAVE_MEMORY_H
| #  include <memory.h>
| # endif
| # include <string.h>
| #endif
| #if HAVE_STRINGS_H
| # include <strings.h>
| #endif
| #if HAVE_INTTYPES_H
| # include <inttypes.h>
| #else
| # if HAVE_STDINT_H
| #  include <stdint.h>
| # endif
| #endif
| #if HAVE_UNISTD_H
| # include <unistd.h>
| #endif
| 
| #include <memory.h>
configure:6390: result: no
configure:6344: checking for strings.h
configure:6360: g++ -c -O3 -Wall    conftest.cc >&5
configure:6366: $? = 0
configure:6370: test -z 
			 || test ! -s conftest.err
configure:6373: $? = 0
configure:6376: test -s conftest.
configure:6379: $? = 1
configure: failed program was:
| /* confdefs.h.  */
| 
| #define PACKAGE_NAME "Cantera"
| #define PACKAGE_TARNAME "cantera"
| #define PACKAGE_VERSION "1.7.0"
| #define PACKAGE_STRING "Cantera 1.7.0"
| #define PACKAGE_BUGREPORT ""
| #define NDEBUG 1
| #define CANTERA_VERSION "1.8.x"
| #define RXNPATH_FONT "Helvetica"
| #define CANTERA_DATA "/usr/local/cantera/data"
| #define HAS_SUNDIALS 1
| #define SUNDIALS_VERSION_24 1
| #define DEBUG_MODE 1
| #define WITH_METAL 1
| #define WITH_SEMICONDUCTOR 1
| #define WITH_ADSORBATE 1
| #define WITH_STOICH_SUBSTANCE 1
| #define WITH_PURE_FLUIDS 1
| #define WITH_LATTICE_SOLID 1
| #define WITH_IDEAL_SOLUTIONS 1
| #define WITH_ELECTROLYTES 1
| #define WITH_KINETICS 1
| #define WITH_HETEROKINETICS 1
| #define WITH_REACTIONPATHS 1
| #define INCL_PURE_FLUIDS 1
| #define WITH_SPECTRA 1
| #define WITH_HTML_LOGS 1
| #define PYTHON_EXE "/usr/bin/python2.6"
| #define HAS_NUMPY 1
| #ifdef __cplusplus
| void exit (int);
| #endif
| /* end confdefs.h.  */
| #include <stdio.h>
| #if HAVE_SYS_TYPES_H
| # include <sys/types.h>
| #endif
| #if HAVE_SYS_STAT_H
| # include <sys/stat.h>
| #endif
| #if STDC_HEADERS
| # include <stdlib.h>
| # include <stddef.h>
| #else
| # if HAVE_STDLIB_H
| #  include <stdlib.h>
| # endif
| #endif
| #if HAVE_STRING_H
| # if !STDC_HEADERS && HAVE_MEMORY_H
| #  include <memory.h>
| # endif
| # include <string.h>
| #endif
| #if HAVE_STRINGS_H
| # include <strings.h>
| #endif
| #if HAVE_INTTYPES_H
| # include <inttypes.h>
| #else
| # if HAVE_STDINT_H
| #  include <stdint.h>
| # endif
| #endif
| #if HAVE_UNISTD_H
| # include <unistd.h>
| #endif
| 
| #include <strings.h>
configure:6390: result: no
configure:6344: checking for inttypes.h
configure:6360: g++ -c -O3 -Wall    conftest.cc >&5
configure:6366: $? = 0
configure:6370: test -z 
			 || test ! -s conftest.err
configure:6373: $? = 0
configure:6376: test -s conftest.
configure:6379: $? = 1
configure: failed program was:
| /* confdefs.h.  */
| 
| #define PACKAGE_NAME "Cantera"
| #define PACKAGE_TARNAME "cantera"
| #define PACKAGE_VERSION "1.7.0"
| #define PACKAGE_STRING "Cantera 1.7.0"
| #define PACKAGE_BUGREPORT ""
| #define NDEBUG 1
| #define CANTERA_VERSION "1.8.x"
| #define RXNPATH_FONT "Helvetica"
| #define CANTERA_DATA "/usr/local/cantera/data"
| #define HAS_SUNDIALS 1
| #define SUNDIALS_VERSION_24 1
| #define DEBUG_MODE 1
| #define WITH_METAL 1
| #define WITH_SEMICONDUCTOR 1
| #define WITH_ADSORBATE 1
| #define WITH_STOICH_SUBSTANCE 1
| #define WITH_PURE_FLUIDS 1
| #define WITH_LATTICE_SOLID 1
| #define WITH_IDEAL_SOLUTIONS 1
| #define WITH_ELECTROLYTES 1
| #define WITH_KINETICS 1
| #define WITH_HETEROKINETICS 1
| #define WITH_REACTIONPATHS 1
| #define INCL_PURE_FLUIDS 1
| #define WITH_SPECTRA 1
| #define WITH_HTML_LOGS 1
| #define PYTHON_EXE "/usr/bin/python2.6"
| #define HAS_NUMPY 1
| #ifdef __cplusplus
| void exit (int);
| #endif
| /* end confdefs.h.  */
| #include <stdio.h>
| #if HAVE_SYS_TYPES_H
| # include <sys/types.h>
| #endif
| #if HAVE_SYS_STAT_H
| # include <sys/stat.h>
| #endif
| #if STDC_HEADERS
| # include <stdlib.h>
| # include <stddef.h>
| #else
| # if HAVE_STDLIB_H
| #  include <stdlib.h>
| # endif
| #endif
| #if HAVE_STRING_H
| # if !STDC_HEADERS && HAVE_MEMORY_H
| #  include <memory.h>
| # endif
| # include <string.h>
| #endif
| #if HAVE_STRINGS_H
| # include <strings.h>
| #endif
| #if HAVE_INTTYPES_H
| # include <inttypes.h>
| #else
| # if HAVE_STDINT_H
| #  include <stdint.h>
| # endif
| #endif
| #if HAVE_UNISTD_H
| # include <unistd.h>
| #endif
| 
| #include <inttypes.h>
configure:6390: result: no
configure:6344: checking for stdint.h
configure:6360: g++ -c -O3 -Wall    conftest.cc >&5
configure:6366: $? = 0
configure:6370: test -z 
			 || test ! -s conftest.err
configure:6373: $? = 0
configure:6376: test -s conftest.
configure:6379: $? = 1
configure: failed program was:
| /* confdefs.h.  */
| 
| #define PACKAGE_NAME "Cantera"
| #define PACKAGE_TARNAME "cantera"
| #define PACKAGE_VERSION "1.7.0"
| #define PACKAGE_STRING "Cantera 1.7.0"
| #define PACKAGE_BUGREPORT ""
| #define NDEBUG 1
| #define CANTERA_VERSION "1.8.x"
| #define RXNPATH_FONT "Helvetica"
| #define CANTERA_DATA "/usr/local/cantera/data"
| #define HAS_SUNDIALS 1
| #define SUNDIALS_VERSION_24 1
| #define DEBUG_MODE 1
| #define WITH_METAL 1
| #define WITH_SEMICONDUCTOR 1
| #define WITH_ADSORBATE 1
| #define WITH_STOICH_SUBSTANCE 1
| #define WITH_PURE_FLUIDS 1
| #define WITH_LATTICE_SOLID 1
| #define WITH_IDEAL_SOLUTIONS 1
| #define WITH_ELECTROLYTES 1
| #define WITH_KINETICS 1
| #define WITH_HETEROKINETICS 1
| #define WITH_REACTIONPATHS 1
| #define INCL_PURE_FLUIDS 1
| #define WITH_SPECTRA 1
| #define WITH_HTML_LOGS 1
| #define PYTHON_EXE "/usr/bin/python2.6"
| #define HAS_NUMPY 1
| #ifdef __cplusplus
| void exit (int);
| #endif
| /* end confdefs.h.  */
| #include <stdio.h>
| #if HAVE_SYS_TYPES_H
| # include <sys/types.h>
| #endif
| #if HAVE_SYS_STAT_H
| # include <sys/stat.h>
| #endif
| #if STDC_HEADERS
| # include <stdlib.h>
| # include <stddef.h>
| #else
| # if HAVE_STDLIB_H
| #  include <stdlib.h>
| # endif
| #endif
| #if HAVE_STRING_H
| # if !STDC_HEADERS && HAVE_MEMORY_H
| #  include <memory.h>
| # endif
| # include <string.h>
| #endif
| #if HAVE_STRINGS_H
| # include <strings.h>
| #endif
| #if HAVE_INTTYPES_H
| # include <inttypes.h>
| #else
| # if HAVE_STDINT_H
| #  include <stdint.h>
| # endif
| #endif
| #if HAVE_UNISTD_H
| # include <unistd.h>
| #endif
| 
| #include <stdint.h>
configure:6390: result: no
configure:6344: checking for unistd.h
configure:6360: g++ -c -O3 -Wall    conftest.cc >&5
configure:6366: $? = 0
configure:6370: test -z 
			 || test ! -s conftest.err
configure:6373: $? = 0
configure:6376: test -s conftest.
configure:6379: $? = 1
configure: failed program was:
| /* confdefs.h.  */
| 
| #define PACKAGE_NAME "Cantera"
| #define PACKAGE_TARNAME "cantera"
| #define PACKAGE_VERSION "1.7.0"
| #define PACKAGE_STRING "Cantera 1.7.0"
| #define PACKAGE_BUGREPORT ""
| #define NDEBUG 1
| #define CANTERA_VERSION "1.8.x"
| #define RXNPATH_FONT "Helvetica"
| #define CANTERA_DATA "/usr/local/cantera/data"
| #define HAS_SUNDIALS 1
| #define SUNDIALS_VERSION_24 1
| #define DEBUG_MODE 1
| #define WITH_METAL 1
| #define WITH_SEMICONDUCTOR 1
| #define WITH_ADSORBATE 1
| #define WITH_STOICH_SUBSTANCE 1
| #define WITH_PURE_FLUIDS 1
| #define WITH_LATTICE_SOLID 1
| #define WITH_IDEAL_SOLUTIONS 1
| #define WITH_ELECTROLYTES 1
| #define WITH_KINETICS 1
| #define WITH_HETEROKINETICS 1
| #define WITH_REACTIONPATHS 1
| #define INCL_PURE_FLUIDS 1
| #define WITH_SPECTRA 1
| #define WITH_HTML_LOGS 1
| #define PYTHON_EXE "/usr/bin/python2.6"
| #define HAS_NUMPY 1
| #ifdef __cplusplus
| void exit (int);
| #endif
| /* end confdefs.h.  */
| #include <stdio.h>
| #if HAVE_SYS_TYPES_H
| # include <sys/types.h>
| #endif
| #if HAVE_SYS_STAT_H
| # include <sys/stat.h>
| #endif
| #if STDC_HEADERS
| # include <stdlib.h>
| # include <stddef.h>
| #else
| # if HAVE_STDLIB_H
| #  include <stdlib.h>
| # endif
| #endif
| #if HAVE_STRING_H
| # if !STDC_HEADERS && HAVE_MEMORY_H
| #  include <memory.h>
| # endif
| # include <string.h>
| #endif
| #if HAVE_STRINGS_H
| # include <strings.h>
| #endif
| #if HAVE_INTTYPES_H
| # include <inttypes.h>
| #else
| # if HAVE_STDINT_H
| #  include <stdint.h>
| # endif
| #endif
| #if HAVE_UNISTD_H
| # include <unistd.h>
| #endif
| 
| #include <unistd.h>
configure:6390: result: no
configure:6402: checking for int
configure:6426: g++ -c -O3 -Wall    conftest.cc >&5
configure:6432: $? = 0
configure:6436: test -z 
			 || test ! -s conftest.err
configure:6439: $? = 0
configure:6442: test -s conftest.
configure:6445: $? = 1
configure: failed program was:
| /* confdefs.h.  */
| 
| #define PACKAGE_NAME "Cantera"
| #define PACKAGE_TARNAME "cantera"
| #define PACKAGE_VERSION "1.7.0"
| #define PACKAGE_STRING "Cantera 1.7.0"
| #define PACKAGE_BUGREPORT ""
| #define NDEBUG 1
| #define CANTERA_VERSION "1.8.x"
| #define RXNPATH_FONT "Helvetica"
| #define CANTERA_DATA "/usr/local/cantera/data"
| #define HAS_SUNDIALS 1
| #define SUNDIALS_VERSION_24 1
| #define DEBUG_MODE 1
| #define WITH_METAL 1
| #define WITH_SEMICONDUCTOR 1
| #define WITH_ADSORBATE 1
| #define WITH_STOICH_SUBSTANCE 1
| #define WITH_PURE_FLUIDS 1
| #define WITH_LATTICE_SOLID 1
| #define WITH_IDEAL_SOLUTIONS 1
| #define WITH_ELECTROLYTES 1
| #define WITH_KINETICS 1
| #define WITH_HETEROKINETICS 1
| #define WITH_REACTIONPATHS 1
| #define INCL_PURE_FLUIDS 1
| #define WITH_SPECTRA 1
| #define WITH_HTML_LOGS 1
| #define PYTHON_EXE "/usr/bin/python2.6"
| #define HAS_NUMPY 1
| #ifdef __cplusplus
| void exit (int);
| #endif
| /* end confdefs.h.  */
| #include <stdio.h>
| #if HAVE_SYS_TYPES_H
| # include <sys/types.h>
| #endif
| #if HAVE_SYS_STAT_H
| # include <sys/stat.h>
| #endif
| #if STDC_HEADERS
| # include <stdlib.h>
| # include <stddef.h>
| #else
| # if HAVE_STDLIB_H
| #  include <stdlib.h>
| # endif
| #endif
| #if HAVE_STRING_H
| # if !STDC_HEADERS && HAVE_MEMORY_H
| #  include <memory.h>
| # endif
| # include <string.h>
| #endif
| #if HAVE_STRINGS_H
| # include <strings.h>
| #endif
| #if HAVE_INTTYPES_H
| # include <inttypes.h>
| #else
| # if HAVE_STDINT_H
| #  include <stdint.h>
| # endif
| #endif
| #if HAVE_UNISTD_H
| # include <unistd.h>
| #endif
| int
| main ()
| {
| if ((int *) 0)
|   return 0;
| if (sizeof (int))
|   return 0;
|   ;
|   return 0;
| }
configure:6456: result: no
configure:6459: checking size of int
configure:6809: result: 0
configure:6816: checking for long
configure:6840: g++ -c -O3 -Wall    conftest.cc >&5
configure:6846: $? = 0
configure:6850: test -z 
			 || test ! -s conftest.err
configure:6853: $? = 0
configure:6856: test -s conftest.
configure:6859: $? = 1
configure: failed program was:
| /* confdefs.h.  */
| 
| #define PACKAGE_NAME "Cantera"
| #define PACKAGE_TARNAME "cantera"
| #define PACKAGE_VERSION "1.7.0"
| #define PACKAGE_STRING "Cantera 1.7.0"
| #define PACKAGE_BUGREPORT ""
| #define NDEBUG 1
| #define CANTERA_VERSION "1.8.x"
| #define RXNPATH_FONT "Helvetica"
| #define CANTERA_DATA "/usr/local/cantera/data"
| #define HAS_SUNDIALS 1
| #define SUNDIALS_VERSION_24 1
| #define DEBUG_MODE 1
| #define WITH_METAL 1
| #define WITH_SEMICONDUCTOR 1
| #define WITH_ADSORBATE 1
| #define WITH_STOICH_SUBSTANCE 1
| #define WITH_PURE_FLUIDS 1
| #define WITH_LATTICE_SOLID 1
| #define WITH_IDEAL_SOLUTIONS 1
| #define WITH_ELECTROLYTES 1
| #define WITH_KINETICS 1
| #define WITH_HETEROKINETICS 1
| #define WITH_REACTIONPATHS 1
| #define INCL_PURE_FLUIDS 1
| #define WITH_SPECTRA 1
| #define WITH_HTML_LOGS 1
| #define PYTHON_EXE "/usr/bin/python2.6"
| #define HAS_NUMPY 1
| #ifdef __cplusplus
| void exit (int);
| #endif
| #define SIZEOF_INT 0
| /* end confdefs.h.  */
| #include <stdio.h>
| #if HAVE_SYS_TYPES_H
| # include <sys/types.h>
| #endif
| #if HAVE_SYS_STAT_H
| # include <sys/stat.h>
| #endif
| #if STDC_HEADERS
| # include <stdlib.h>
| # include <stddef.h>
| #else
| # if HAVE_STDLIB_H
| #  include <stdlib.h>
| # endif
| #endif
| #if HAVE_STRING_H
| # if !STDC_HEADERS && HAVE_MEMORY_H
| #  include <memory.h>
| # endif
| # include <string.h>
| #endif
| #if HAVE_STRINGS_H
| # include <strings.h>
| #endif
| #if HAVE_INTTYPES_H
| # include <inttypes.h>
| #else
| # if HAVE_STDINT_H
| #  include <stdint.h>
| # endif
| #endif
| #if HAVE_UNISTD_H
| # include <unistd.h>
| #endif
| int
| main ()
| {
| if ((long *) 0)
|   return 0;
| if (sizeof (long))
|   return 0;
|   ;
|   return 0;
| }
configure:6870: result: no
configure:6873: checking size of long
configure:7223: result: 0
configure:7230: checking for void *
configure:7254: g++ -c -O3 -Wall    conftest.cc >&5
configure:7260: $? = 0
configure:7264: test -z 
			 || test ! -s conftest.err
configure:7267: $? = 0
configure:7270: test -s conftest.
configure:7273: $? = 1
configure: failed program was:
| /* confdefs.h.  */
| 
| #define PACKAGE_NAME "Cantera"
| #define PACKAGE_TARNAME "cantera"
| #define PACKAGE_VERSION "1.7.0"
| #define PACKAGE_STRING "Cantera 1.7.0"
| #define PACKAGE_BUGREPORT ""
| #define NDEBUG 1
| #define CANTERA_VERSION "1.8.x"
| #define RXNPATH_FONT "Helvetica"
| #define CANTERA_DATA "/usr/local/cantera/data"
| #define HAS_SUNDIALS 1
| #define SUNDIALS_VERSION_24 1
| #define DEBUG_MODE 1
| #define WITH_METAL 1
| #define WITH_SEMICONDUCTOR 1
| #define WITH_ADSORBATE 1
| #define WITH_STOICH_SUBSTANCE 1
| #define WITH_PURE_FLUIDS 1
| #define WITH_LATTICE_SOLID 1
| #define WITH_IDEAL_SOLUTIONS 1
| #define WITH_ELECTROLYTES 1
| #define WITH_KINETICS 1
| #define WITH_HETEROKINETICS 1
| #define WITH_REACTIONPATHS 1
| #define INCL_PURE_FLUIDS 1
| #define WITH_SPECTRA 1
| #define WITH_HTML_LOGS 1
| #define PYTHON_EXE "/usr/bin/python2.6"
| #define HAS_NUMPY 1
| #ifdef __cplusplus
| void exit (int);
| #endif
| #define SIZEOF_INT 0
| #define SIZEOF_LONG 0
| /* end confdefs.h.  */
| #include <stdio.h>
| #if HAVE_SYS_TYPES_H
| # include <sys/types.h>
| #endif
| #if HAVE_SYS_STAT_H
| # include <sys/stat.h>
| #endif
| #if STDC_HEADERS
| # include <stdlib.h>
| # include <stddef.h>
| #else
| # if HAVE_STDLIB_H
| #  include <stdlib.h>
| # endif
| #endif
| #if HAVE_STRING_H
| # if !STDC_HEADERS && HAVE_MEMORY_H
| #  include <memory.h>
| # endif
| # include <string.h>
| #endif
| #if HAVE_STRINGS_H
| # include <strings.h>
| #endif
| #if HAVE_INTTYPES_H
| # include <inttypes.h>
| #else
| # if HAVE_STDINT_H
| #  include <stdint.h>
| # endif
| #endif
| #if HAVE_UNISTD_H
| # include <unistd.h>
| #endif
| int
| main ()
| {
| if ((void * *) 0)
|   return 0;
| if (sizeof (void *))
|   return 0;
|   ;
|   return 0;
| }
configure:7284: result: no
configure:7287: checking size of void *
configure:7637: result: 0
configure:7644: checking for char
configure:7668: g++ -c -O3 -Wall    conftest.cc >&5
configure:7674: $? = 0
configure:7678: test -z 
			 || test ! -s conftest.err
configure:7681: $? = 0
configure:7684: test -s conftest.
configure:7687: $? = 1
configure: failed program was:
| /* confdefs.h.  */
| 
| #define PACKAGE_NAME "Cantera"
| #define PACKAGE_TARNAME "cantera"
| #define PACKAGE_VERSION "1.7.0"
| #define PACKAGE_STRING "Cantera 1.7.0"
| #define PACKAGE_BUGREPORT ""
| #define NDEBUG 1
| #define CANTERA_VERSION "1.8.x"
| #define RXNPATH_FONT "Helvetica"
| #define CANTERA_DATA "/usr/local/cantera/data"
| #define HAS_SUNDIALS 1
| #define SUNDIALS_VERSION_24 1
| #define DEBUG_MODE 1
| #define WITH_METAL 1
| #define WITH_SEMICONDUCTOR 1
| #define WITH_ADSORBATE 1
| #define WITH_STOICH_SUBSTANCE 1
| #define WITH_PURE_FLUIDS 1
| #define WITH_LATTICE_SOLID 1
| #define WITH_IDEAL_SOLUTIONS 1
| #define WITH_ELECTROLYTES 1
| #define WITH_KINETICS 1
| #define WITH_HETEROKINETICS 1
| #define WITH_REACTIONPATHS 1
| #define INCL_PURE_FLUIDS 1
| #define WITH_SPECTRA 1
| #define WITH_HTML_LOGS 1
| #define PYTHON_EXE "/usr/bin/python2.6"
| #define HAS_NUMPY 1
| #ifdef __cplusplus
| void exit (int);
| #endif
| #define SIZEOF_INT 0
| #define SIZEOF_LONG 0
| #define SIZEOF_VOID_P 0
| /* end confdefs.h.  */
| #include <stdio.h>
| #if HAVE_SYS_TYPES_H
| # include <sys/types.h>
| #endif
| #if HAVE_SYS_STAT_H
| # include <sys/stat.h>
| #endif
| #if STDC_HEADERS
| # include <stdlib.h>
| # include <stddef.h>
| #else
| # if HAVE_STDLIB_H
| #  include <stdlib.h>
| # endif
| #endif
| #if HAVE_STRING_H
| # if !STDC_HEADERS && HAVE_MEMORY_H
| #  include <memory.h>
| # endif
| # include <string.h>
| #endif
| #if HAVE_STRINGS_H
| # include <strings.h>
| #endif
| #if HAVE_INTTYPES_H
| # include <inttypes.h>
| #else
| # if HAVE_STDINT_H
| #  include <stdint.h>
| # endif
| #endif
| #if HAVE_UNISTD_H
| # include <unistd.h>
| #endif
| int
| main ()
| {
| if ((char *) 0)
|   return 0;
| if (sizeof (char))
|   return 0;
|   ;
|   return 0;
| }
configure:7698: result: no
configure:7701: checking size of char
configure:8051: result: 0
configure:8058: checking for short
configure:8082: g++ -c -O3 -Wall    conftest.cc >&5
configure:8088: $? = 0
configure:8092: test -z 
			 || test ! -s conftest.err
configure:8095: $? = 0
configure:8098: test -s conftest.
configure:8101: $? = 1
configure: failed program was:
| /* confdefs.h.  */
| 
| #define PACKAGE_NAME "Cantera"
| #define PACKAGE_TARNAME "cantera"
| #define PACKAGE_VERSION "1.7.0"
| #define PACKAGE_STRING "Cantera 1.7.0"
| #define PACKAGE_BUGREPORT ""
| #define NDEBUG 1
| #define CANTERA_VERSION "1.8.x"
| #define RXNPATH_FONT "Helvetica"
| #define CANTERA_DATA "/usr/local/cantera/data"
| #define HAS_SUNDIALS 1
| #define SUNDIALS_VERSION_24 1
| #define DEBUG_MODE 1
| #define WITH_METAL 1
| #define WITH_SEMICONDUCTOR 1
| #define WITH_ADSORBATE 1
| #define WITH_STOICH_SUBSTANCE 1
| #define WITH_PURE_FLUIDS 1
| #define WITH_LATTICE_SOLID 1
| #define WITH_IDEAL_SOLUTIONS 1
| #define WITH_ELECTROLYTES 1
| #define WITH_KINETICS 1
| #define WITH_HETEROKINETICS 1
| #define WITH_REACTIONPATHS 1
| #define INCL_PURE_FLUIDS 1
| #define WITH_SPECTRA 1
| #define WITH_HTML_LOGS 1
| #define PYTHON_EXE "/usr/bin/python2.6"
| #define HAS_NUMPY 1
| #ifdef __cplusplus
| void exit (int);
| #endif
| #define SIZEOF_INT 0
| #define SIZEOF_LONG 0
| #define SIZEOF_VOID_P 0
| #define SIZEOF_CHAR 0
| /* end confdefs.h.  */
| #include <stdio.h>
| #if HAVE_SYS_TYPES_H
| # include <sys/types.h>
| #endif
| #if HAVE_SYS_STAT_H
| # include <sys/stat.h>
| #endif
| #if STDC_HEADERS
| # include <stdlib.h>
| # include <stddef.h>
| #else
| # if HAVE_STDLIB_H
| #  include <stdlib.h>
| # endif
| #endif
| #if HAVE_STRING_H
| # if !STDC_HEADERS && HAVE_MEMORY_H
| #  include <memory.h>
| # endif
| # include <string.h>
| #endif
| #if HAVE_STRINGS_H
| # include <strings.h>
| #endif
| #if HAVE_INTTYPES_H
| # include <inttypes.h>
| #else
| # if HAVE_STDINT_H
| #  include <stdint.h>
| # endif
| #endif
| #if HAVE_UNISTD_H
| # include <unistd.h>
| #endif
| int
| main ()
| {
| if ((short *) 0)
|   return 0;
| if (sizeof (short))
|   return 0;
|   ;
|   return 0;
| }
configure:8112: result: no
configure:8115: checking size of short
configure:8465: result: 0
configure:8472: checking for float
configure:8496: g++ -c -O3 -Wall    conftest.cc >&5
configure:8502: $? = 0
configure:8506: test -z 
			 || test ! -s conftest.err
configure:8509: $? = 0
configure:8512: test -s conftest.
configure:8515: $? = 1
configure: failed program was:
| /* confdefs.h.  */
| 
| #define PACKAGE_NAME "Cantera"
| #define PACKAGE_TARNAME "cantera"
| #define PACKAGE_VERSION "1.7.0"
| #define PACKAGE_STRING "Cantera 1.7.0"
| #define PACKAGE_BUGREPORT ""
| #define NDEBUG 1
| #define CANTERA_VERSION "1.8.x"
| #define RXNPATH_FONT "Helvetica"
| #define CANTERA_DATA "/usr/local/cantera/data"
| #define HAS_SUNDIALS 1
| #define SUNDIALS_VERSION_24 1
| #define DEBUG_MODE 1
| #define WITH_METAL 1
| #define WITH_SEMICONDUCTOR 1
| #define WITH_ADSORBATE 1
| #define WITH_STOICH_SUBSTANCE 1
| #define WITH_PURE_FLUIDS 1
| #define WITH_LATTICE_SOLID 1
| #define WITH_IDEAL_SOLUTIONS 1
| #define WITH_ELECTROLYTES 1
| #define WITH_KINETICS 1
| #define WITH_HETEROKINETICS 1
| #define WITH_REACTIONPATHS 1
| #define INCL_PURE_FLUIDS 1
| #define WITH_SPECTRA 1
| #define WITH_HTML_LOGS 1
| #define PYTHON_EXE "/usr/bin/python2.6"
| #define HAS_NUMPY 1
| #ifdef __cplusplus
| void exit (int);
| #endif
| #define SIZEOF_INT 0
| #define SIZEOF_LONG 0
| #define SIZEOF_VOID_P 0
| #define SIZEOF_CHAR 0
| #define SIZEOF_SHORT 0
| /* end confdefs.h.  */
| #include <stdio.h>
| #if HAVE_SYS_TYPES_H
| # include <sys/types.h>
| #endif
| #if HAVE_SYS_STAT_H
| # include <sys/stat.h>
| #endif
| #if STDC_HEADERS
| # include <stdlib.h>
| # include <stddef.h>
| #else
| # if HAVE_STDLIB_H
| #  include <stdlib.h>
| # endif
| #endif
| #if HAVE_STRING_H
| # if !STDC_HEADERS && HAVE_MEMORY_H
| #  include <memory.h>
| # endif
| # include <string.h>
| #endif
| #if HAVE_STRINGS_H
| # include <strings.h>
| #endif
| #if HAVE_INTTYPES_H
| # include <inttypes.h>
| #else
| # if HAVE_STDINT_H
| #  include <stdint.h>
| # endif
| #endif
| #if HAVE_UNISTD_H
| # include <unistd.h>
| #endif
| int
| main ()
| {
| if ((float *) 0)
|   return 0;
| if (sizeof (float))
|   return 0;
|   ;
|   return 0;
| }
configure:8526: result: no
configure:8529: checking size of float
configure:8879: result: 0
configure:8886: checking for double
configure:8910: g++ -c -O3 -Wall    conftest.cc >&5
configure:8916: $? = 0
configure:8920: test -z 
			 || test ! -s conftest.err
configure:8923: $? = 0
configure:8926: test -s conftest.
configure:8929: $? = 1
configure: failed program was:
| /* confdefs.h.  */
| 
| #define PACKAGE_NAME "Cantera"
| #define PACKAGE_TARNAME "cantera"
| #define PACKAGE_VERSION "1.7.0"
| #define PACKAGE_STRING "Cantera 1.7.0"
| #define PACKAGE_BUGREPORT ""
| #define NDEBUG 1
| #define CANTERA_VERSION "1.8.x"
| #define RXNPATH_FONT "Helvetica"
| #define CANTERA_DATA "/usr/local/cantera/data"
| #define HAS_SUNDIALS 1
| #define SUNDIALS_VERSION_24 1
| #define DEBUG_MODE 1
| #define WITH_METAL 1
| #define WITH_SEMICONDUCTOR 1
| #define WITH_ADSORBATE 1
| #define WITH_STOICH_SUBSTANCE 1
| #define WITH_PURE_FLUIDS 1
| #define WITH_LATTICE_SOLID 1
| #define WITH_IDEAL_SOLUTIONS 1
| #define WITH_ELECTROLYTES 1
| #define WITH_KINETICS 1
| #define WITH_HETEROKINETICS 1
| #define WITH_REACTIONPATHS 1
| #define INCL_PURE_FLUIDS 1
| #define WITH_SPECTRA 1
| #define WITH_HTML_LOGS 1
| #define PYTHON_EXE "/usr/bin/python2.6"
| #define HAS_NUMPY 1
| #ifdef __cplusplus
| void exit (int);
| #endif
| #define SIZEOF_INT 0
| #define SIZEOF_LONG 0
| #define SIZEOF_VOID_P 0
| #define SIZEOF_CHAR 0
| #define SIZEOF_SHORT 0
| #define SIZEOF_FLOAT 0
| /* end confdefs.h.  */
| #include <stdio.h>
| #if HAVE_SYS_TYPES_H
| # include <sys/types.h>
| #endif
| #if HAVE_SYS_STAT_H
| # include <sys/stat.h>
| #endif
| #if STDC_HEADERS
| # include <stdlib.h>
| # include <stddef.h>
| #else
| # if HAVE_STDLIB_H
| #  include <stdlib.h>
| # endif
| #endif
| #if HAVE_STRING_H
| # if !STDC_HEADERS && HAVE_MEMORY_H
| #  include <memory.h>
| # endif
| # include <string.h>
| #endif
| #if HAVE_STRINGS_H
| # include <strings.h>
| #endif
| #if HAVE_INTTYPES_H
| # include <inttypes.h>
| #else
| # if HAVE_STDINT_H
| #  include <stdint.h>
| # endif
| #endif
| #if HAVE_UNISTD_H
| # include <unistd.h>
| #endif
| int
| main ()
| {
| if ((double *) 0)
|   return 0;
| if (sizeof (double))
|   return 0;
|   ;
|   return 0;
| }
configure:8940: result: no
configure:8943: checking size of double
configure:9293: result: 0
configure:9300: checking for fpos_t
configure:9324: g++ -c -O3 -Wall    conftest.cc >&5
configure:9330: $? = 0
configure:9334: test -z 
			 || test ! -s conftest.err
configure:9337: $? = 0
configure:9340: test -s conftest.
configure:9343: $? = 1
configure: failed program was:
| /* confdefs.h.  */
| 
| #define PACKAGE_NAME "Cantera"
| #define PACKAGE_TARNAME "cantera"
| #define PACKAGE_VERSION "1.7.0"
| #define PACKAGE_STRING "Cantera 1.7.0"
| #define PACKAGE_BUGREPORT ""
| #define NDEBUG 1
| #define CANTERA_VERSION "1.8.x"
| #define RXNPATH_FONT "Helvetica"
| #define CANTERA_DATA "/usr/local/cantera/data"
| #define HAS_SUNDIALS 1
| #define SUNDIALS_VERSION_24 1
| #define DEBUG_MODE 1
| #define WITH_METAL 1
| #define WITH_SEMICONDUCTOR 1
| #define WITH_ADSORBATE 1
| #define WITH_STOICH_SUBSTANCE 1
| #define WITH_PURE_FLUIDS 1
| #define WITH_LATTICE_SOLID 1
| #define WITH_IDEAL_SOLUTIONS 1
| #define WITH_ELECTROLYTES 1
| #define WITH_KINETICS 1
| #define WITH_HETEROKINETICS 1
| #define WITH_REACTIONPATHS 1
| #define INCL_PURE_FLUIDS 1
| #define WITH_SPECTRA 1
| #define WITH_HTML_LOGS 1
| #define PYTHON_EXE "/usr/bin/python2.6"
| #define HAS_NUMPY 1
| #ifdef __cplusplus
| void exit (int);
| #endif
| #define SIZEOF_INT 0
| #define SIZEOF_LONG 0
| #define SIZEOF_VOID_P 0
| #define SIZEOF_CHAR 0
| #define SIZEOF_SHORT 0
| #define SIZEOF_FLOAT 0
| #define SIZEOF_DOUBLE 0
| /* end confdefs.h.  */
| #include <stdio.h>
| #if HAVE_SYS_TYPES_H
| # include <sys/types.h>
| #endif
| #if HAVE_SYS_STAT_H
| # include <sys/stat.h>
| #endif
| #if STDC_HEADERS
| # include <stdlib.h>
| # include <stddef.h>
| #else
| # if HAVE_STDLIB_H
| #  include <stdlib.h>
| # endif
| #endif
| #if HAVE_STRING_H
| # if !STDC_HEADERS && HAVE_MEMORY_H
| #  include <memory.h>
| # endif
| # include <string.h>
| #endif
| #if HAVE_STRINGS_H
| # include <strings.h>
| #endif
| #if HAVE_INTTYPES_H
| # include <inttypes.h>
| #else
| # if HAVE_STDINT_H
| #  include <stdint.h>
| # endif
| #endif
| #if HAVE_UNISTD_H
| # include <unistd.h>
| #endif
| int
| main ()
| {
| if ((fpos_t *) 0)
|   return 0;
| if (sizeof (fpos_t))
|   return 0;
|   ;
|   return 0;
| }
configure:9354: result: no
configure:9357: checking size of fpos_t
configure:9707: result: 0
configure:9750: checking for printf in -lm
configure:9780: g++ -o conftest -O3 -Wall     conftest.cc -lm    >&5
configure:9786: $? = 0
configure:9790: test -z 
			 || test ! -s conftest.err
configure:9793: $? = 0
configure:9796: test -s conftest
configure:9799: $? = 0
configure:9812: result: yes
configure:9824: checking for printf in -lstdc++
configure:9854: g++ -o conftest -O3 -Wall     conftest.cc -lstdc++   >&5
configure:9860: $? = 0
configure:9864: test -z 
			 || test ! -s conftest.err
configure:9867: $? = 0
configure:9870: test -s conftest
configure:9873: $? = 0
configure:9886: result: yes
configure:9922: checking for sstream
configure:9938: result: yes
configure:10051: checking for Fortran 77 compiler version
configure:10054: g77 --version </dev/null >&5
./configure: line 10055: g77: command not found
configure:10057: $? = 127
configure:10059: g77 -v </dev/null >&5
./configure: line 10060: g77: command not found
configure:10062: $? = 127
configure:10064: g77 -V </dev/null >&5
./configure: line 10065: g77: command not found
configure:10067: $? = 127
configure:10075: checking whether we are using the GNU Fortran 77 compiler
configure:10089: g77 -c -O3   conftest.F >&5
./configure: line 10090: g77: command not found
configure:10095: $? = 127
configure: failed program was:
|       program main
| #ifndef __GNUC__
|        choke me
| #endif
| 
|       end
configure:10121: result: no
configure:10127: checking whether g77 accepts -g
configure:10139: g77 -c -g conftest.f >&5
./configure: line 10140: g77: command not found
configure:10145: $? = 127
configure: failed program was:
|       program main
| 
|       end
configure:10170: result: no
configure:10211: checking how to get verbose linking output from g77
configure:10222: g77 -c -O3   -fno-second-underscore conftest.f >&5
./configure: line 10223: g77: command not found
configure:10228: $? = 127
configure: failed program was:
|       program main
| 
|       end
configure:10307: WARNING: compilation failed
configure:10313: result: 
configure:10315: checking for Fortran libraries of g77
configure:10336: g77 -o conftest -O3   -fno-second-underscore   conftest.f  >&5
./configure: line 10337: g77: command not found
configure:10497: result: 
configure:10752: checking SO
configure:10763: result: .so
configure:10886: creating ./config.status

## ---------------------- ##
## Running config.status. ##
## ---------------------- ##

This file was extended by Cantera config.status 1.7.0, which was
generated by GNU Autoconf 2.59.  Invocation command line was

  CONFIG_FILES    = 
  CONFIG_HEADERS  = 
  CONFIG_LINKS    = 
  CONFIG_COMMANDS = 
  $ ./config.status 

on e17c817914a5

config.status:948: creating Makefile
config.status:948: creating Cantera/Makefile
config.status:948: creating Cantera/src/Makefile
config.status:948: creating Cantera/src/base/Makefile
config.status:948: creating Cantera/src/zeroD/Makefile
config.status:948: creating Cantera/src/oneD/Makefile
config.status:948: creating Cantera/src/converters/Makefile
config.status:948: creating Cantera/src/transport/Makefile
config.status:948: creating Cantera/src/thermo/Makefile
config.status:948: creating Cantera/src/kinetics/Makefile
config.status:948: creating Cantera/src/numerics/Makefile
config.status:948: creating Cantera/src/spectra/Makefile
config.status:948: creating Cantera/src/equil/Makefile
config.status:948: creating Cantera/clib/src/Makefile
config.status:948: creating Cantera/fortran/src/Makefile
config.status:948: creating Cantera/fortran/f77demos/f77demos.mak
config.status:948: creating Cantera/fortran/f77demos/Makefile
config.status:948: creating Cantera/matlab/Makefile
config.status:948: creating Cantera/matlab/setup_matlab.py
config.status:948: creating Cantera/python/Makefile
config.status:948: creating Cantera/python/setup.py
config.status:948: creating Cantera/cxx/Makefile
config.status:948: creating Cantera/cxx/src/Makefile
config.status:948: creating Cantera/cxx/demos/Makefile
config.status:948: creating Cantera/cxx/demos/combustor/Makefile
config.status:948: creating Cantera/cxx/demos/combustor/Makefile.install
config.status:948: creating Cantera/cxx/demos/flamespeed/Makefile
config.status:948: creating Cantera/cxx/demos/flamespeed/Makefile.install
config.status:948: creating Cantera/cxx/demos/kinetics1/Makefile
config.status:948: creating Cantera/cxx/demos/kinetics1/Makefile.install
config.status:948: creating Cantera/cxx/demos/NASA_coeffs/Makefile
config.status:948: creating Cantera/cxx/demos/NASA_coeffs/Makefile.install
config.status:948: creating Cantera/cxx/demos/rankine/Makefile
config.status:948: creating Cantera/cxx/demos/rankine/Makefile.install
config.status:948: creating Cantera/cxx/include/Cantera.mak
config.status:948: creating Cantera/cxx/include/Cantera_bt.mak
config.status:948: creating Cantera/user/Makefile
config.status:948: creating Cantera/python/src/Makefile
config.status:948: creating Cantera/python/examples/Makefile
config.status:948: creating Cantera/python/examples/equilibrium/Makefile
config.status:948: creating Cantera/python/examples/equilibrium/adiabatic_flame/Makefile
config.status:948: creating Cantera/python/examples/equilibrium/multiphase_plasma/Makefile
config.status:948: creating Cantera/python/examples/equilibrium/simple_test/Makefile
config.status:948: creating Cantera/python/examples/equilibrium/stoich_flame/Makefile
config.status:948: creating Cantera/python/examples/gasdynamics/isentropic/Makefile
config.status:948: creating Cantera/python/examples/gasdynamics/soundSpeed/Makefile
config.status:948: creating Cantera/python/examples/flames/adiabatic_flame/Makefile
config.status:948: creating Cantera/python/examples/flames/flame1/Makefile
config.status:948: creating Cantera/python/examples/flames/flame2/Makefile
config.status:948: creating Cantera/python/examples/flames/flame_fixed_T/Makefile
config.status:948: creating Cantera/python/examples/flames/free_h2_air/Makefile
config.status:948: creating Cantera/python/examples/flames/npflame1/Makefile
config.status:948: creating Cantera/python/examples/flames/stflame1/Makefile
config.status:948: creating Cantera/python/examples/fuel_cells/Makefile
config.status:948: creating Cantera/python/examples/liquid_vapor/critProperties/Makefile
config.status:948: creating Cantera/python/examples/liquid_vapor/rankine/Makefile
config.status:948: creating Cantera/python/examples/kinetics/Makefile
config.status:948: creating Cantera/python/examples/misc/Makefile
config.status:948: creating Cantera/python/examples/reactors/combustor_sim/Makefile
config.status:948: creating Cantera/python/examples/reactors/functors_sim/Makefile
config.status:948: creating Cantera/python/examples/reactors/mix1_sim/Makefile
config.status:948: creating Cantera/python/examples/reactors/mix2_sim/Makefile
config.status:948: creating Cantera/python/examples/reactors/piston_sim/Makefile
config.status:948: creating Cantera/python/examples/reactors/reactor1_sim/Makefile
config.status:948: creating Cantera/python/examples/reactors/reactor2_sim/Makefile
config.status:948: creating Cantera/python/examples/reactors/sensitivity_sim/Makefile
config.status:948: creating Cantera/python/examples/reactors/surf_pfr_sim/Makefile
config.status:948: creating Cantera/python/examples/surface_chemistry/diamond_cvd/Makefile
config.status:948: creating Cantera/python/examples/surface_chemistry/catcomb_stagflow/Makefile
config.status:948: creating Cantera/python/examples/transport/Makefile
config.status:948: creating Cantera/python/examples/flames/Makefile
config.status:948: creating Cantera/python/examples/gasdynamics/Makefile
config.status:948: creating Cantera/python/examples/liquid_vapor/Makefile
config.status:948: creating Cantera/python/examples/reactors/Makefile
config.status:948: creating Cantera/python/examples/surface_chemistry/Makefile
config.status:948: creating ext/lapack/Makefile
config.status:948: creating ext/blas/Makefile
config.status:948: creating ext/cvode/Makefile
config.status:948: creating ext/math/Makefile
config.status:948: creating ext/recipes/Makefile
config.status:948: creating ext/tpx/Makefile
config.status:948: creating ext/Makefile
config.status:948: creating ext/f2c_libs/Makefile
config.status:948: creating ext/f2c_blas/Makefile
config.status:948: creating ext/f2c_lapack/Makefile
config.status:948: creating ext/f2c_math/Makefile
config.status:948: creating examples/Makefile
config.status:948: creating examples/cxx/Makefile
config.status:948: creating tools/Makefile
config.status:948: creating tools/doc/Cantera.cfg
config.status:948: creating tools/doc/Makefile
config.status:948: creating tools/src/Makefile
config.status:948: creating tools/src/sample.mak
config.status:948: creating tools/src/finish_install.py
config.status:948: creating tools/src/package4mac
config.status:948: creating tools/templates/f77/demo.mak
config.status:948: creating tools/templates/f90/demo.mak
config.status:948: creating tools/templates/cxx/demo.mak
config.status:948: creating tools/testtools/Makefile
config.status:948: creating data/inputs/Makefile
config.status:948: creating data/inputs/mkxml
config.status:948: creating test_problems/Makefile
config.status:948: creating test_problems/cxx_ex/Makefile
config.status:948: creating test_problems/silane_equil/Makefile
config.status:948: creating test_problems/surfkin/Makefile
config.status:948: creating test_problems/spectroscopy/Makefile
config.status:948: creating test_problems/surfSolverTest/Makefile
config.status:948: creating test_problems/diamondSurf/Makefile
config.status:948: creating test_problems/diamondSurf_dupl/Makefile
config.status:948: creating test_problems/ChemEquil_gri_matrix/Makefile
config.status:948: creating test_problems/ChemEquil_gri_pairs/Makefile
config.status:948: creating test_problems/ChemEquil_ionizedGas/Makefile
config.status:948: creating test_problems/ChemEquil_red1/Makefile
config.status:948: creating test_problems/CpJump/Makefile
config.status:948: creating test_problems/mixGasTransport/Makefile
config.status:948: creating test_problems/multiGasTransport/Makefile
config.status:948: creating test_problems/printUtilUnitTest/Makefile
config.status:948: creating test_problems/fracCoeff/Makefile
config.status:948: creating test_problems/negATest/Makefile
config.status:948: creating test_problems/NASA9poly_test/Makefile
config.status:948: creating test_problems/ck2cti_test/Makefile
config.status:948: creating test_problems/ck2cti_test/runtest
config.status:948: creating test_problems/nasa9_reader/Makefile
config.status:948: creating test_problems/nasa9_reader/runtest
config.status:948: creating test_problems/min_python/Makefile
config.status:948: creating test_problems/min_python/minDiamond/Makefile
config.status:948: creating test_problems/min_python/negATest/Makefile
config.status:948: creating test_problems/pureFluidTest/Makefile
config.status:948: creating test_problems/rankine_democxx/Makefile
config.status:948: creating test_problems/python/Makefile
config.status:948: creating test_problems/cathermo/Makefile
config.status:948: creating test_problems/cathermo/issp/Makefile
config.status:948: creating test_problems/cathermo/ims/Makefile
config.status:948: creating test_problems/cathermo/stoichSubSSTP/Makefile
config.status:948: creating test_problems/cathermo/testIAPWS/Makefile
config.status:948: creating test_problems/cathermo/testIAPWSPres/Makefile
config.status:948: creating test_problems/cathermo/testIAPWSTripP/Makefile
config.status:948: creating test_problems/cathermo/testWaterPDSS/Makefile
config.status:948: creating test_problems/cathermo/testWaterTP/Makefile
config.status:948: creating test_problems/cathermo/HMW_test_1/Makefile
config.status:948: creating test_problems/cathermo/HMW_test_3/Makefile
config.status:948: creating test_problems/cathermo/HMW_graph_GvT/Makefile
config.status:948: creating test_problems/cathermo/HMW_graph_GvI/Makefile
config.status:948: creating test_problems/cathermo/HMW_graph_HvT/Makefile
config.status:948: creating test_problems/cathermo/HMW_graph_CpvT/Makefile
config.status:948: creating test_problems/cathermo/HMW_graph_VvT/Makefile
config.status:948: creating test_problems/cathermo/DH_graph_1/Makefile
config.status:948: creating test_problems/cathermo/DH_graph_acommon/Makefile
config.status:948: creating test_problems/cathermo/DH_graph_NM/Makefile
config.status:948: creating test_problems/cathermo/DH_graph_Pitzer/Makefile
config.status:948: creating test_problems/cathermo/DH_graph_bdotak/Makefile
config.status:948: creating test_problems/cathermo/HMW_dupl_test/Makefile
config.status:948: creating test_problems/cathermo/VPissp/Makefile
config.status:948: creating test_problems/cathermo/wtWater/Makefile
config.status:948: creating test_problems/VCSnonideal/Makefile
config.status:948: creating test_problems/VPsilane_test/Makefile
config.status:948: creating test_problems/VPsilane_test/runtest
config.status:948: creating test_problems/VCSnonideal/NaCl_equil/Makefile
config.status:948: creating bin/install_tsc
config.status:1052: creating config.h

## ---------------- ##
## Cache variables. ##
## ---------------- ##

ac_cv_build=x86_64-unknown-linux-gnu
ac_cv_build_alias=x86_64-unknown-linux-gnu
ac_cv_c_compiler_gnu=no
ac_cv_cxx_compiler_gnu=no
ac_cv_env_CC_set=set
ac_cv_env_CC_value=gcc
ac_cv_env_CFLAGS_set=
ac_cv_env_CFLAGS_value=
ac_cv_env_CPPFLAGS_set=
ac_cv_env_CPPFLAGS_value=
ac_cv_env_CXXCPP_set=
ac_cv_env_CXXCPP_value=
ac_cv_env_CXXFLAGS_set=set
ac_cv_env_CXXFLAGS_value='-O3 -Wall'
ac_cv_env_CXX_set=set
ac_cv_env_CXX_value=g++
ac_cv_env_F77_set=set
ac_cv_env_F77_value=g77
ac_cv_env_FFLAGS_set=set
ac_cv_env_FFLAGS_value=-O3
ac_cv_env_LDFLAGS_set=
ac_cv_env_LDFLAGS_value=
ac_cv_env_build_alias_set=
ac_cv_env_build_alias_value=
ac_cv_env_host_alias_set=
ac_cv_env_host_alias_value=
ac_cv_env_target_alias_set=
ac_cv_env_target_alias_value=
ac_cv_f77_compiler_gnu=no
ac_cv_f77_libs=
ac_cv_header_inttypes_h=no
ac_cv_header_memory_h=no
ac_cv_header_stdc=no
ac_cv_header_stdint_h=no
ac_cv_header_stdlib_h=no
ac_cv_header_string_h=no
ac_cv_header_strings_h=no
ac_cv_header_sys_stat_h=no
ac_cv_header_sys_types_h=no
ac_cv_header_unistd_h=no
ac_cv_host=x86_64-unknown-linux-gnu
ac_cv_host_alias=x86_64-unknown-linux-gnu
ac_cv_lib_m_printf=yes
ac_cv_lib_stdcpp_printf=yes
ac_cv_path_MATLAB_CMD=none
ac_cv_path_install='/usr/bin/install -c'
ac_cv_prog_CXXCPP='g++ -E'
ac_cv_prog_ac_ct_CC=gcc
ac_cv_prog_cc_g=no
ac_cv_prog_cc_stdc=no
ac_cv_prog_cxx_g=no
ac_cv_prog_egrep='grep -E'
ac_cv_prog_f77_g=no
ac_cv_sizeof_char=0
ac_cv_sizeof_double=0
ac_cv_sizeof_float=0
ac_cv_sizeof_fpos_t=0
ac_cv_sizeof_int=0
ac_cv_sizeof_long=0
ac_cv_sizeof_short=0
ac_cv_sizeof_void_p=0
ac_cv_target=x86_64-unknown-linux-gnu
ac_cv_target_alias=x86_64-unknown-linux-gnu
ac_cv_type_char=no
ac_cv_type_double=no
ac_cv_type_float=no
ac_cv_type_fpos_t=no
ac_cv_type_int=no
ac_cv_type_long=no
ac_cv_type_short=no
ac_cv_type_void_p=no

## ----------------- ##
## Output variables. ##
## ----------------- ##

ARCHIVE='ar ruv'
BITCHANGE=''
BITCOMPILE='64'
BITHARDWARE='64'
BLAS_LAPACK_DIR='/pkg/Cantera/build/lib/x86_64-unknown-linux-gnu'
BLAS_LAPACK_LIBS='-lctlapack -lctblas'
BLAS_LAPACK_LINK='-L/pkg/Cantera/build/lib/x86_64-unknown-linux-gnu -lctlapack -lctblas'
BOOST_INCLUDE=''
BOOST_LIB=''
BOOST_LIB_DIR=''
BUILD_CK='1'
BUILD_CLIB='1'
BUILD_F90='0'
BUILD_MATLAB='0'
BUILD_PYTHON='2'
CANTERA_CORE_LIBS=' -luser -loneD -lzeroD -lequil -lkinetics -ltransport -lthermo -lctnumerics -lctmath -ltpx -lctspectra -lconverters -lctbase'
CANTERA_CORE_LIBS_DEP=' /usr/local/cantera/lib/libequil.a /usr/local/cantera/lib/libkinetics.a /usr/local/cantera/lib/libtransport.a /usr/local/cantera/lib/libthermo.a /usr/local/cantera/lib/libctnumerics.a /usr/local/cantera/lib/libctmath.a /usr/local/cantera/lib/libtpx.a /usr/local/cantera/lib/libctspectra.a /usr/local/cantera/lib/libconverters.a /usr/local/cantera/lib/libctbase.a'
CANTERA_DEBUG_MODE='1'
CANTERA_PYTHON_HOME=''
CC='gcc'
CFLAGS=' '
COMPILE_ELECTROLYTES='1'
COMPILE_H298MODIFY_CAPABILITY='0'
COMPILE_HETEROKIN='1'
COMPILE_IDEAL_SOLUTIONS='1'
COMPILE_KINETICS='1'
COMPILE_PURE_FLUIDS='1'
COMPILE_RXNPATH='1'
COMPILE_VCSNONIDEAL='0'
CPPFLAGS=''
CT_SHARED_LIB='clib'
CVF_LIBDIR=''
CVODE_LIBS='-lsundials_cvodes -lsundials_nvecserial'
CVSTAG='HEAD'
CXX='g++'
CXXCPP='g++ -E'
CXXFLAGS='-O3 -Wall  '
CXX_DEPENDS='g++ -MM'
CXX_EXT='cpp'
CXX_INCLUDES=''
DEFS='-DHAVE_CONFIG_H'
DO_RANLIB='1'
ECHO_C=''
ECHO_N='-n'
ECHO_T=''
EGREP='grep -E'
EXEEXT=''
EXE_EXT=''
EXTRA_LINK=''
F2C_SYSTEMLIB=''
F77='g77'
F77_EXT='f'
F90='gfortran'
F90BUILDFLAGS=' -O3'
F90FLAGS=' -O3'
F90LIBS=''
FFLAGS='-O3   -fno-second-underscore'
FLIBS=''
GRAPHVIZDIR=' '
HAVE_STRIPSYMBOLS='yes'
IDA_LIBS='-lsundials_ida -lsundials_nvecserial'
INCL_USER_CODE='1'
INSTALL_DATA='${INSTALL} -m 644'
INSTALL_LIBS_DEP=' /usr/local/cantera/lib/libequil.a /usr/local/cantera/lib/libkinetics.a /usr/local/cantera/lib/libtransport.a /usr/local/cantera/lib/libthermo.a /usr/local/cantera/lib/libctnumerics.a /usr/local/cantera/lib/libctmath.a /usr/local/cantera/lib/libtpx.a /usr/local/cantera/lib/libctspectra.a /usr/local/cantera/lib/libconverters.a /usr/local/cantera/lib/libctbase.a /usr/local/cantera/lib/libctf2c.a'
INSTALL_PROGRAM='${INSTALL}'
INSTALL_SCRIPT='${INSTALL}'
INSTALL_VERBOSE='-v'
INSTALL_abs='/usr/bin/install -c'
KERNEL=' ck trprops equil reactor flow1D tpx spectra'
KERNEL_OBJ=' $(EQUIL_OBJ)'
LCXX_END_LIBS='-lctf2c -lm -lm -lstdc++ '
LCXX_FLAGS='  -L/usr/local/lib'
LCXX_FLIBS=''
LDFLAGS=''
LDSHARED=''
LIBOBJS=''
LIBS=''
LIB_DIR=''
LOCAL_LIBS=' -luser -loneD -lzeroD -lequil -lkinetics -ltransport -lthermo -lctnumerics -lctmath -ltpx -lctspectra -lconverters -lctbase -lsundials_cvodes -lsundials_nvecserial -lctlapack -lctblas -lctf2c'
LOCAL_LIBS_DEP=' /pkg/Cantera/build/lib/x86_64-unknown-linux-gnu/libuser.a /pkg/Cantera/build/lib/x86_64-unknown-linux-gnu/liboneD.a /pkg/Cantera/build/lib/x86_64-unknown-linux-gnu/libzeroD.a /pkg/Cantera/build/lib/x86_64-unknown-linux-gnu/libequil.a /pkg/Cantera/build/lib/x86_64-unknown-linux-gnu/libkinetics.a /pkg/Cantera/build/lib/x86_64-unknown-linux-gnu/libtransport.a /pkg/Cantera/build/lib/x86_64-unknown-linux-gnu/libthermo.a /pkg/Cantera/build/lib/x86_64-unknown-linux-gnu/libctnumerics.a /pkg/Cantera/build/lib/x86_64-unknown-linux-gnu/libctmath.a /pkg/Cantera/build/lib/x86_64-unknown-linux-gnu/libtpx.a /pkg/Cantera/build/lib/x86_64-unknown-linux-gnu/libctspectra.a /pkg/Cantera/build/lib/x86_64-unknown-linux-gnu/libconverters.a /pkg/Cantera/build/lib/x86_64-unknown-linux-gnu/libctbase.a /pkg/Cantera/build/lib/x86_64-unknown-linux-gnu/libctf2c.a'
LOCAL_LIB_DIRS=' -L/pkg/Cantera/build/lib/x86_64-unknown-linux-gnu -L/usr/local/bin//lib'
LTLIBOBJS=''
MAKE='make'
MATLAB_CMD=''
NEED_CATHERMO='1'
NUMARRAY_HOME=''
NUMARRAY_INC_DIR=''
NUMPY_HOME=''
NUMPY_INC_DIR='/usr/local/lib/python2.6/dist-packages/numpy/core/include'
OBJEXT=''
OBJ_EXT='o'
OS_IS_CYGWIN='0'
OS_IS_DARWIN='0'
OS_IS_WIN='0'
PACKAGE_BUGREPORT=''
PACKAGE_NAME='Cantera'
PACKAGE_STRING='Cantera 1.7.0'
PACKAGE_TARNAME='cantera'
PACKAGE_VERSION='1.7.0'
PATH_SEPARATOR=':'
PIC='-fPIC'
PURIFY=''
PYTHON_CMD='/usr/bin/python2.6'
RANLIB='ranlib'
RAW_LIBS_DEP=' libuser.a liboneD.a libzeroD.a libequil.a libkinetics.a libtransport.a libthermo.a libctnumerics.a libctmath.a libtpx.a libctspectra.a libconverters.a libctbase.a libctf2c.a'
SHARED='-dynamic'
SHARED_CTLIB='0'
SHELL='/bin/bash'
SO='.so'
SOEXT=''
TSCOMPARE_abs='/pkg/Cantera/bin/tscompare'
USERDIR='Cantera/user'
USE_CLIB_DLL='0'
WITH_REACTORS='1'
ac_ct_CC='gcc'
ac_ct_CXX=''
ac_ct_F77=''
bindir='${exec_prefix}/bin'
build='x86_64-unknown-linux-gnu'
build_alias=''
build_blas='1'
build_cpu='x86_64'
build_f2c_lib='1'
build_lapack='1'
build_os='linux-gnu'
build_vendor='unknown'
build_with_f2c='1'
buildbin='/pkg/Cantera/build/bin/x86_64-unknown-linux-gnu'
buildinc='/pkg/Cantera/build/include'
buildlib='/pkg/Cantera/build/lib/x86_64-unknown-linux-gnu'
ct_bindir='/usr/local/cantera/bin'
ct_datadir='/usr/local/cantera/data'
ct_demodir='/usr/local/cantera/demos'
ct_dir='/usr/local/cantera'
ct_docdir='/usr/local/cantera/doc'
ct_incdir='/usr/local/cantera/include/cantera'
ct_incroot='/usr/local/cantera/include'
ct_libdir='/usr/local/cantera/lib'
ct_mandir='/usr/local/cantera'
ct_templdir='/usr/local/cantera/templates'
ct_tutdir='/usr/local/cantera/tutorials'
ctroot='/pkg/Cantera'
ctversion='1.8.x'
datadir='${prefix}/share'
exec_prefix='/usr/local/cantera'
export_name='x86_64-unknown-linux-gnu'
homedir='/root'
host='x86_64-unknown-linux-gnu'
host_alias=''
host_cpu='x86_64'
host_os='linux-gnu'
host_vendor='unknown'
includedir='${prefix}/include'
infodir='${prefix}/info'
ldemulationarg=''
libdir='${exec_prefix}/lib'
libexecdir='${exec_prefix}/libexec'
local_inst='0'
local_python_inst='0'
localstatedir='${prefix}/var'
mandir='${prefix}/man'
math_libs='-lcvode -lctmath'
mex_ext='mexglx'
oldincludedir='/usr/include'
phase_header_files=' MetalPhase.h SemiconductorPhase.h AdsorbateThermo.h StoichSubstance.h PureFluidPhase.h LatticeSolidPhase.h LatticePhase.h'
phase_object_files=' SemiconductorPhase.o StoichSubstance.o PureFluidPhase.o LatticeSolidPhase.o LatticePhase.o'
precompile_headers='no'
prefix='/usr/local/cantera'
program_transform_name='s,x,x,'
python_prefix='/usr/local/cantera'
python_win_prefix='/usr/local/cantera'
sbindir='${exec_prefix}/sbin'
sharedstatedir='${prefix}/com'
sundials_include='-I/usr/local/bin//include'
sundials_lib='-L/usr/local/bin//lib -lsundials_cvodes -lsundials_ida -lsundials_nvecserial'
sundials_lib_dep='/usr/local/bin//lib/libsundials_cvodes.a /usr/local/bin//lib/libsundials_ida.a /usr/local/bin//lib/libsundials_nvecserial.a'
sundials_lib_dir='/usr/local/bin//lib'
sysconfdir='${prefix}/etc'
target='x86_64-unknown-linux-gnu'
target_alias=''
target_cpu='x86_64'
target_os='linux-gnu'
target_vendor='unknown'
use_sundials='1'
username='root'

## ----------- ##
## confdefs.h. ##
## ----------- ##

#define CANTERA_DATA "/usr/local/cantera/data"
#define CANTERA_VERSION "1.8.x"
#define DEBUG_MODE 1
#define FTN_TRAILING_UNDERSCORE 1
#define HAS_NUMPY 1
#define HAS_SSTREAM 1
#define HAS_SUNDIALS 1
#define INCL_PURE_FLUIDS 1
#define LAPACK_FTN_STRING_LEN_AT_END 1
#define LAPACK_FTN_TRAILING_UNDERSCORE 1
#define LAPACK_NAMES_LOWERCASE 1
#define NDEBUG 1
#define PACKAGE_BUGREPORT ""
#define PACKAGE_NAME "Cantera"
#define PACKAGE_STRING "Cantera 1.7.0"
#define PACKAGE_TARNAME "cantera"
#define PACKAGE_VERSION "1.7.0"
#define PYTHON_EXE "/usr/bin/python2.6"
#define RXNPATH_FONT "Helvetica"
#define SIZEOF_CHAR 0
#define SIZEOF_DOUBLE 0
#define SIZEOF_FLOAT 0
#define SIZEOF_FPOS_T 0
#define SIZEOF_INT 0
#define SIZEOF_LONG 0
#define SIZEOF_SHORT 0
#define SIZEOF_VOID_P 0
#define SUNDIALS_VERSION_24 1
#define WITH_ADSORBATE 1
#define WITH_ELECTROLYTES 1
#define WITH_HETEROKINETICS 1
#define WITH_HTML_LOGS 1
#define WITH_IDEAL_SOLUTIONS 1
#define WITH_KINETICS 1
#define WITH_LATTICE_SOLID 1
#define WITH_METAL 1
#define WITH_PURE_FLUIDS 1
#define WITH_REACTIONPATHS 1
#define WITH_SEMICONDUCTOR 1
#define WITH_SPECTRA 1
#define WITH_STOICH_SUBSTANCE 1
#endif
#ifdef __cplusplus
void exit (int);

configure: exit 0
